{"D:\\FA 2021\\COMP 531\\hw4-chelsea10bqr\\frontend\\src\\actions.js": {"path":"D:\\FA 2021\\COMP 531\\hw4-chelsea10bqr\\frontend\\src\\actions.js","statementMap":{"0":{"start":{"line":4,"column":28},"end":{"line":4,"column":42}},"1":{"start":{"line":11,"column":4},"end":{"line":11,"column":46}}},"fnMap":{"0":{"name":"addFollower","decl":{"start":{"line":10,"column":16},"end":{"line":10,"column":27}},"loc":{"start":{"line":10,"column":43},"end":{"line":12,"column":1}},"line":10}},"branchMap":{},"s":{"0":1,"1":0},"f":{"0":0},"b":{},"_coverageSchema":"1a1c01bbd47fc00a2c39e90264f33305004495a9","hash":"3ca43c1d50337bef0a89093f8eb594fd5d5e38a2"}
,"D:\\FA 2021\\COMP 531\\hw4-chelsea10bqr\\frontend\\src\\index.js": {"path":"D:\\FA 2021\\COMP 531\\hw4-chelsea10bqr\\frontend\\src\\index.js","statementMap":{"0":{"start":{"line":12,"column":15},"end":{"line":12,"column":29}},"1":{"start":{"line":13,"column":14},"end":{"line":13,"column":59}},"2":{"start":{"line":14,"column":0},"end":{"line":19,"column":1}}},"fnMap":{},"branchMap":{},"s":{"0":0,"1":0,"2":0},"f":{},"b":{}}
,"D:\\FA 2021\\COMP 531\\hw4-chelsea10bqr\\frontend\\src\\reducers.js": {"path":"D:\\FA 2021\\COMP 531\\hw4-chelsea10bqr\\frontend\\src\\reducers.js","statementMap":{"0":{"start":{"line":3,"column":25},"end":{"line":3,"column":53}},"1":{"start":{"line":4,"column":24},"end":{"line":4,"column":52}},"2":{"start":{"line":5,"column":26},"end":{"line":5,"column":54}},"3":{"start":{"line":6,"column":24},"end":{"line":6,"column":55}},"4":{"start":{"line":8,"column":15},"end":{"line":162,"column":1}},"5":{"start":{"line":25,"column":4},"end":{"line":161,"column":5}},"6":{"start":{"line":27,"column":12},"end":{"line":30,"column":47}},"7":{"start":{"line":32,"column":26},"end":{"line":32,"column":28}},"8":{"start":{"line":33,"column":26},"end":{"line":33,"column":47}},"9":{"start":{"line":34,"column":12},"end":{"line":46,"column":13}},"10":{"start":{"line":35,"column":28},"end":{"line":35,"column":42}},"11":{"start":{"line":36,"column":16},"end":{"line":45,"column":17}},"12":{"start":{"line":37,"column":20},"end":{"line":44,"column":21}},"13":{"start":{"line":37,"column":33},"end":{"line":37,"column":34}},"14":{"start":{"line":38,"column":24},"end":{"line":42,"column":25}},"15":{"start":{"line":38,"column":37},"end":{"line":38,"column":38}},"16":{"start":{"line":39,"column":28},"end":{"line":41,"column":29}},"17":{"start":{"line":40,"column":32},"end":{"line":40,"column":57}},"18":{"start":{"line":47,"column":12},"end":{"line":49,"column":38}},"19":{"start":{"line":51,"column":12},"end":{"line":62,"column":13}},"20":{"start":{"line":52,"column":16},"end":{"line":54,"column":37}},"21":{"start":{"line":56,"column":16},"end":{"line":61,"column":18}},"22":{"start":{"line":64,"column":12},"end":{"line":65,"column":46}},"23":{"start":{"line":67,"column":12},"end":{"line":68,"column":45}},"24":{"start":{"line":70,"column":12},"end":{"line":71,"column":51}},"25":{"start":{"line":73,"column":12},"end":{"line":74,"column":49}},"26":{"start":{"line":76,"column":26},"end":{"line":76,"column":48}},"27":{"start":{"line":77,"column":22},"end":{"line":77,"column":24}},"28":{"start":{"line":78,"column":12},"end":{"line":78,"column":33}},"29":{"start":{"line":79,"column":12},"end":{"line":83,"column":13}},"30":{"start":{"line":85,"column":12},"end":{"line":88,"column":13}},"31":{"start":{"line":90,"column":25},"end":{"line":90,"column":47}},"32":{"start":{"line":91,"column":23},"end":{"line":91,"column":38}},"33":{"start":{"line":92,"column":21},"end":{"line":92,"column":23}},"34":{"start":{"line":93,"column":12},"end":{"line":99,"column":13}},"35":{"start":{"line":93,"column":23},"end":{"line":93,"column":24}},"36":{"start":{"line":94,"column":16},"end":{"line":98,"column":17}},"37":{"start":{"line":94,"column":27},"end":{"line":94,"column":28}},"38":{"start":{"line":95,"column":20},"end":{"line":97,"column":21}},"39":{"start":{"line":96,"column":24},"end":{"line":96,"column":43}},"40":{"start":{"line":101,"column":12},"end":{"line":116,"column":13}},"41":{"start":{"line":101,"column":24},"end":{"line":101,"column":25}},"42":{"start":{"line":102,"column":16},"end":{"line":115,"column":17}},"43":{"start":{"line":103,"column":20},"end":{"line":107,"column":21}},"44":{"start":{"line":109,"column":20},"end":{"line":114,"column":21}},"45":{"start":{"line":118,"column":12},"end":{"line":137,"column":13}},"46":{"start":{"line":120,"column":16},"end":{"line":136,"column":17}},"47":{"start":{"line":121,"column":20},"end":{"line":127,"column":21}},"48":{"start":{"line":128,"column":23},"end":{"line":136,"column":17}},"49":{"start":{"line":129,"column":20},"end":{"line":135,"column":21}},"50":{"start":{"line":138,"column":16},"end":{"line":143,"column":17}},"51":{"start":{"line":146,"column":12},"end":{"line":158,"column":13}},"52":{"start":{"line":160,"column":12},"end":{"line":160,"column":24}}},"fnMap":{"0":{"name":"(anonymous_0)","decl":{"start":{"line":8,"column":15},"end":{"line":8,"column":16}},"loc":{"start":{"line":23,"column":11},"end":{"line":162,"column":1}},"line":23}},"branchMap":{"0":{"loc":{"start":{"line":8,"column":16},"end":{"line":23,"column":1}},"type":"default-arg","locations":[{"start":{"line":8,"column":22},"end":{"line":23,"column":1}}],"line":8},"1":{"loc":{"start":{"line":25,"column":4},"end":{"line":161,"column":5}},"type":"switch","locations":[{"start":{"line":26,"column":8},"end":{"line":30,"column":47}},{"start":{"line":31,"column":8},"end":{"line":49,"column":38}},{"start":{"line":50,"column":8},"end":{"line":62,"column":13}},{"start":{"line":63,"column":8},"end":{"line":65,"column":46}},{"start":{"line":66,"column":8},"end":{"line":68,"column":45}},{"start":{"line":69,"column":8},"end":{"line":71,"column":51}},{"start":{"line":72,"column":8},"end":{"line":74,"column":49}},{"start":{"line":75,"column":8},"end":{"line":83,"column":13}},{"start":{"line":84,"column":8},"end":{"line":88,"column":13}},{"start":{"line":89,"column":8},"end":{"line":116,"column":13}},{"start":{"line":117,"column":8},"end":{"line":143,"column":17}},{"start":{"line":145,"column":8},"end":{"line":158,"column":13}},{"start":{"line":159,"column":8},"end":{"line":160,"column":24}}],"line":25},"2":{"loc":{"start":{"line":34,"column":12},"end":{"line":46,"column":13}},"type":"if","locations":[{"start":{"line":34,"column":12},"end":{"line":46,"column":13}},{"start":{"line":34,"column":12},"end":{"line":46,"column":13}}],"line":34},"3":{"loc":{"start":{"line":36,"column":16},"end":{"line":45,"column":17}},"type":"if","locations":[{"start":{"line":36,"column":16},"end":{"line":45,"column":17}},{"start":{"line":36,"column":16},"end":{"line":45,"column":17}}],"line":36},"4":{"loc":{"start":{"line":39,"column":28},"end":{"line":41,"column":29}},"type":"if","locations":[{"start":{"line":39,"column":28},"end":{"line":41,"column":29}},{"start":{"line":39,"column":28},"end":{"line":41,"column":29}}],"line":39},"5":{"loc":{"start":{"line":51,"column":12},"end":{"line":62,"column":13}},"type":"if","locations":[{"start":{"line":51,"column":12},"end":{"line":62,"column":13}},{"start":{"line":51,"column":12},"end":{"line":62,"column":13}}],"line":51},"6":{"loc":{"start":{"line":95,"column":20},"end":{"line":97,"column":21}},"type":"if","locations":[{"start":{"line":95,"column":20},"end":{"line":97,"column":21}},{"start":{"line":95,"column":20},"end":{"line":97,"column":21}}],"line":95},"7":{"loc":{"start":{"line":102,"column":16},"end":{"line":115,"column":17}},"type":"if","locations":[{"start":{"line":102,"column":16},"end":{"line":115,"column":17}},{"start":{"line":102,"column":16},"end":{"line":115,"column":17}}],"line":102},"8":{"loc":{"start":{"line":118,"column":12},"end":{"line":137,"column":13}},"type":"if","locations":[{"start":{"line":118,"column":12},"end":{"line":137,"column":13}},{"start":{"line":118,"column":12},"end":{"line":137,"column":13}}],"line":118},"9":{"loc":{"start":{"line":118,"column":15},"end":{"line":118,"column":76}},"type":"binary-expr","locations":[{"start":{"line":118,"column":15},"end":{"line":118,"column":44}},{"start":{"line":118,"column":48},"end":{"line":118,"column":76}}],"line":118},"10":{"loc":{"start":{"line":120,"column":16},"end":{"line":136,"column":17}},"type":"if","locations":[{"start":{"line":120,"column":16},"end":{"line":136,"column":17}},{"start":{"line":120,"column":16},"end":{"line":136,"column":17}}],"line":120},"11":{"loc":{"start":{"line":128,"column":23},"end":{"line":136,"column":17}},"type":"if","locations":[{"start":{"line":128,"column":23},"end":{"line":136,"column":17}},{"start":{"line":128,"column":23},"end":{"line":136,"column":17}}],"line":128}},"s":{"0":1,"1":1,"2":1,"3":1,"4":1,"5":24,"6":1,"7":2,"8":2,"9":2,"10":2,"11":2,"12":2,"13":2,"14":6,"15":6,"16":600,"17":60,"18":2,"19":2,"20":0,"21":2,"22":2,"23":1,"24":1,"25":1,"26":1,"27":1,"28":1,"29":1,"30":0,"31":4,"32":4,"33":4,"34":4,"35":4,"36":40,"37":40,"38":120,"39":12,"40":4,"41":4,"42":4,"43":3,"44":1,"45":2,"46":2,"47":1,"48":1,"49":1,"50":0,"51":0,"52":7},"f":{"0":24},"b":{"0":[7],"1":[1,2,2,2,1,1,1,1,0,4,2,0,7],"2":[2,0],"3":[2,0],"4":[60,540],"5":[0,2],"6":[12,108],"7":[3,1],"8":[2,0],"9":[2,2],"10":[1,1],"11":[1,0]},"_coverageSchema":"1a1c01bbd47fc00a2c39e90264f33305004495a9","hash":"8ca97a46ac72275e45aa30877c912d27741c14ad"}
,"D:\\FA 2021\\COMP 531\\hw4-chelsea10bqr\\frontend\\src\\reportWebVitals.js": {"path":"D:\\FA 2021\\COMP 531\\hw4-chelsea10bqr\\frontend\\src\\reportWebVitals.js","statementMap":{"0":{"start":{"line":1,"column":24},"end":{"line":11,"column":1}},"1":{"start":{"line":2,"column":2},"end":{"line":10,"column":3}},"2":{"start":{"line":3,"column":4},"end":{"line":9,"column":7}},"3":{"start":{"line":4,"column":6},"end":{"line":4,"column":26}},"4":{"start":{"line":5,"column":6},"end":{"line":5,"column":26}},"5":{"start":{"line":6,"column":6},"end":{"line":6,"column":26}},"6":{"start":{"line":7,"column":6},"end":{"line":7,"column":26}},"7":{"start":{"line":8,"column":6},"end":{"line":8,"column":27}}},"fnMap":{"0":{"name":"(anonymous_0)","decl":{"start":{"line":1,"column":24},"end":{"line":1,"column":25}},"loc":{"start":{"line":1,"column":39},"end":{"line":11,"column":1}},"line":1},"1":{"name":"(anonymous_1)","decl":{"start":{"line":3,"column":30},"end":{"line":3,"column":31}},"loc":{"start":{"line":3,"column":79},"end":{"line":9,"column":5}},"line":3}},"branchMap":{"0":{"loc":{"start":{"line":2,"column":2},"end":{"line":10,"column":3}},"type":"if","locations":[{"start":{"line":2,"column":2},"end":{"line":10,"column":3}},{"start":{"line":2,"column":2},"end":{"line":10,"column":3}}],"line":2},"1":{"loc":{"start":{"line":2,"column":6},"end":{"line":2,"column":52}},"type":"binary-expr","locations":[{"start":{"line":2,"column":6},"end":{"line":2,"column":17}},{"start":{"line":2,"column":21},"end":{"line":2,"column":52}}],"line":2}},"s":{"0":0,"1":0,"2":0,"3":0,"4":0,"5":0,"6":0,"7":0},"f":{"0":0,"1":0},"b":{"0":[0,0],"1":[0,0]}}
,"D:\\FA 2021\\COMP 531\\hw4-chelsea10bqr\\frontend\\src\\components\\App.js": {"path":"D:\\FA 2021\\COMP 531\\hw4-chelsea10bqr\\frontend\\src\\components\\App.js","statementMap":{"0":{"start":{"line":8,"column":19},"end":{"line":20,"column":1}},"1":{"start":{"line":10,"column":2},"end":{"line":18,"column":3}},"2":{"start":{"line":11,"column":4},"end":{"line":11,"column":18}},"3":{"start":{"line":13,"column":7},"end":{"line":18,"column":3}},"4":{"start":{"line":14,"column":4},"end":{"line":14,"column":21}},"5":{"start":{"line":17,"column":4},"end":{"line":17,"column":21}},"6":{"start":{"line":25,"column":6},"end":{"line":27,"column":7}},"7":{"start":{"line":30,"column":6},"end":{"line":31,"column":7}}},"fnMap":{"0":{"name":"(anonymous_0)","decl":{"start":{"line":8,"column":19},"end":{"line":8,"column":20}},"loc":{"start":{"line":8,"column":35},"end":{"line":20,"column":1}},"line":8},"1":{"name":"(anonymous_1)","decl":{"start":{"line":24,"column":4},"end":{"line":24,"column":5}},"loc":{"start":{"line":24,"column":15},"end":{"line":28,"column":5}},"line":24},"2":{"name":"(anonymous_2)","decl":{"start":{"line":29,"column":4},"end":{"line":29,"column":5}},"loc":{"start":{"line":29,"column":18},"end":{"line":32,"column":5}},"line":29}},"branchMap":{"0":{"loc":{"start":{"line":10,"column":2},"end":{"line":18,"column":3}},"type":"if","locations":[{"start":{"line":10,"column":2},"end":{"line":18,"column":3}},{"start":{"line":10,"column":2},"end":{"line":18,"column":3}}],"line":10},"1":{"loc":{"start":{"line":13,"column":7},"end":{"line":18,"column":3}},"type":"if","locations":[{"start":{"line":13,"column":7},"end":{"line":18,"column":3}},{"start":{"line":13,"column":7},"end":{"line":18,"column":3}}],"line":13}},"s":{"0":0,"1":0,"2":0,"3":0,"4":0,"5":0,"6":0,"7":0},"f":{"0":0,"1":0,"2":0},"b":{"0":[0,0],"1":[0,0]}}
,"D:\\FA 2021\\COMP 531\\hw4-chelsea10bqr\\frontend\\src\\components\\auth\\landing.js": {"path":"D:\\FA 2021\\COMP 531\\hw4-chelsea10bqr\\frontend\\src\\components\\auth\\landing.js","statementMap":{"0":{"start":{"line":8,"column":23},"end":{"line":25,"column":1}},"1":{"start":{"line":9,"column":4},"end":{"line":24,"column":10}}},"fnMap":{"0":{"name":"(anonymous_0)","decl":{"start":{"line":8,"column":23},"end":{"line":8,"column":24}},"loc":{"start":{"line":9,"column":4},"end":{"line":24,"column":10}},"line":9}},"branchMap":{},"s":{"0":0,"1":0},"f":{"0":0},"b":{}}
,"D:\\FA 2021\\COMP 531\\hw4-chelsea10bqr\\frontend\\src\\components\\auth\\login.js": {"path":"D:\\FA 2021\\COMP 531\\hw4-chelsea10bqr\\frontend\\src\\components\\auth\\login.js","statementMap":{"0":{"start":{"line":8,"column":21},"end":{"line":65,"column":6}},"1":{"start":{"line":17,"column":15},"end":{"line":17,"column":20}},"2":{"start":{"line":18,"column":15},"end":{"line":18,"column":53}},"3":{"start":{"line":20,"column":4},"end":{"line":65,"column":5}},"4":{"start":{"line":28,"column":40},"end":{"line":28,"column":55}},"5":{"start":{"line":32,"column":41},"end":{"line":32,"column":57}},"6":{"start":{"line":37,"column":31},"end":{"line":37,"column":170}},"7":{"start":{"line":38,"column":31},"end":{"line":52,"column":32}},"8":{"start":{"line":38,"column":43},"end":{"line":38,"column":44}},"9":{"start":{"line":39,"column":35},"end":{"line":51,"column":36}},"10":{"start":{"line":40,"column":39},"end":{"line":40,"column":62}},"11":{"start":{"line":41,"column":39},"end":{"line":41,"column":62}},"12":{"start":{"line":42,"column":39},"end":{"line":42,"column":74}},"13":{"start":{"line":43,"column":39},"end":{"line":43,"column":56}},"14":{"start":{"line":44,"column":39},"end":{"line":44,"column":67}},"15":{"start":{"line":45,"column":39},"end":{"line":45,"column":82}},"16":{"start":{"line":46,"column":39},"end":{"line":46,"column":68}},"17":{"start":{"line":47,"column":39},"end":{"line":47,"column":51}},"18":{"start":{"line":49,"column":39},"end":{"line":50,"column":157}},"19":{"start":{"line":54,"column":31},"end":{"line":55,"column":149}},"20":{"start":{"line":68,"column":14},"end":{"line":91,"column":1}},"21":{"start":{"line":69,"column":18},"end":{"line":69,"column":30}},"22":{"start":{"line":70,"column":4},"end":{"line":89,"column":9}},"23":{"start":{"line":71,"column":8},"end":{"line":71,"column":58}},"24":{"start":{"line":72,"column":11},"end":{"line":89,"column":9}},"25":{"start":{"line":73,"column":8},"end":{"line":73,"column":58}},"26":{"start":{"line":75,"column":21},"end":{"line":86,"column":13}},"27":{"start":{"line":87,"column":12},"end":{"line":87,"column":35}},"28":{"start":{"line":88,"column":12},"end":{"line":88,"column":29}},"29":{"start":{"line":94,"column":0},"end":{"line":100,"column":1}},"30":{"start":{"line":103,"column":8},"end":{"line":106,"column":9}},"31":{"start":{"line":109,"column":8},"end":{"line":113,"column":9}},"32":{"start":{"line":110,"column":38},"end":{"line":110,"column":78}},"33":{"start":{"line":111,"column":36},"end":{"line":111,"column":80}},"34":{"start":{"line":112,"column":32},"end":{"line":112,"column":69}}},"fnMap":{"0":{"name":"(anonymous_0)","decl":{"start":{"line":8,"column":21},"end":{"line":8,"column":22}},"loc":{"start":{"line":8,"column":68},"end":{"line":65,"column":6}},"line":8},"1":{"name":"(anonymous_1)","decl":{"start":{"line":28,"column":32},"end":{"line":28,"column":33}},"loc":{"start":{"line":28,"column":40},"end":{"line":28,"column":55}},"line":28},"2":{"name":"(anonymous_2)","decl":{"start":{"line":32,"column":32},"end":{"line":32,"column":33}},"loc":{"start":{"line":32,"column":41},"end":{"line":32,"column":57}},"line":32},"3":{"name":"(anonymous_3)","decl":{"start":{"line":36,"column":38},"end":{"line":36,"column":39}},"loc":{"start":{"line":36,"column":49},"end":{"line":57,"column":28}},"line":36},"4":{"name":"(anonymous_4)","decl":{"start":{"line":68,"column":14},"end":{"line":68,"column":15}},"loc":{"start":{"line":68,"column":123},"end":{"line":91,"column":1}},"line":68},"5":{"name":"(anonymous_5)","decl":{"start":{"line":102,"column":4},"end":{"line":102,"column":5}},"loc":{"start":{"line":102,"column":15},"end":{"line":107,"column":5}},"line":102},"6":{"name":"(anonymous_6)","decl":{"start":{"line":108,"column":4},"end":{"line":108,"column":5}},"loc":{"start":{"line":108,"column":18},"end":{"line":114,"column":5}},"line":108},"7":{"name":"(anonymous_7)","decl":{"start":{"line":110,"column":21},"end":{"line":110,"column":22}},"loc":{"start":{"line":110,"column":38},"end":{"line":110,"column":78}},"line":110},"8":{"name":"(anonymous_8)","decl":{"start":{"line":111,"column":22},"end":{"line":111,"column":23}},"loc":{"start":{"line":111,"column":36},"end":{"line":111,"column":80}},"line":111},"9":{"name":"(anonymous_9)","decl":{"start":{"line":112,"column":24},"end":{"line":112,"column":25}},"loc":{"start":{"line":112,"column":32},"end":{"line":112,"column":69}},"line":112}},"branchMap":{"0":{"loc":{"start":{"line":39,"column":35},"end":{"line":51,"column":36}},"type":"if","locations":[{"start":{"line":39,"column":35},"end":{"line":51,"column":36}},{"start":{"line":39,"column":35},"end":{"line":51,"column":36}}],"line":39},"1":{"loc":{"start":{"line":39,"column":39},"end":{"line":39,"column":121}},"type":"binary-expr","locations":[{"start":{"line":39,"column":39},"end":{"line":39,"column":75}},{"start":{"line":39,"column":79},"end":{"line":39,"column":121}}],"line":39},"2":{"loc":{"start":{"line":70,"column":4},"end":{"line":89,"column":9}},"type":"if","locations":[{"start":{"line":70,"column":4},"end":{"line":89,"column":9}},{"start":{"line":70,"column":4},"end":{"line":89,"column":9}}],"line":70},"3":{"loc":{"start":{"line":70,"column":7},"end":{"line":70,"column":47}},"type":"binary-expr","locations":[{"start":{"line":70,"column":7},"end":{"line":70,"column":26}},{"start":{"line":70,"column":28},"end":{"line":70,"column":47}}],"line":70},"4":{"loc":{"start":{"line":72,"column":11},"end":{"line":89,"column":9}},"type":"if","locations":[{"start":{"line":72,"column":11},"end":{"line":89,"column":9}},{"start":{"line":72,"column":11},"end":{"line":89,"column":9}}],"line":72}},"s":{"0":0,"1":0,"2":0,"3":0,"4":0,"5":0,"6":0,"7":0,"8":0,"9":0,"10":0,"11":0,"12":0,"13":0,"14":0,"15":0,"16":0,"17":0,"18":0,"19":0,"20":0,"21":0,"22":0,"23":0,"24":0,"25":0,"26":0,"27":0,"28":0,"29":0,"30":0,"31":0,"32":0,"33":0,"34":0},"f":{"0":0,"1":0,"2":0,"3":0,"4":0,"5":0,"6":0,"7":0,"8":0,"9":0},"b":{"0":[0,0],"1":[0,0],"2":[0,0],"3":[0,0],"4":[0,0]}}
,"D:\\FA 2021\\COMP 531\\hw4-chelsea10bqr\\frontend\\src\\components\\auth\\register.js": {"path":"D:\\FA 2021\\COMP 531\\hw4-chelsea10bqr\\frontend\\src\\components\\auth\\register.js","statementMap":{"0":{"start":{"line":6,"column":24},"end":{"line":67,"column":1}},"1":{"start":{"line":14,"column":19},"end":{"line":14,"column":22}},"2":{"start":{"line":15,"column":4},"end":{"line":66,"column":5}},"3":{"start":{"line":22,"column":40},"end":{"line":22,"column":51}},"4":{"start":{"line":27,"column":40},"end":{"line":27,"column":52}},"5":{"start":{"line":32,"column":40},"end":{"line":32,"column":55}},"6":{"start":{"line":37,"column":40},"end":{"line":37,"column":52}},"7":{"start":{"line":42,"column":40},"end":{"line":42,"column":54}},"8":{"start":{"line":47,"column":40},"end":{"line":47,"column":50}},"9":{"start":{"line":52,"column":40},"end":{"line":52,"column":50}},"10":{"start":{"line":57,"column":28},"end":{"line":57,"column":51}},"11":{"start":{"line":58,"column":31},"end":{"line":59,"column":86}},"12":{"start":{"line":70,"column":19},"end":{"line":139,"column":1}},"13":{"start":{"line":72,"column":13},"end":{"line":72,"column":17}},"14":{"start":{"line":73,"column":12},"end":{"line":73,"column":21}},"15":{"start":{"line":74,"column":4},"end":{"line":74,"column":16}},"16":{"start":{"line":76,"column":4},"end":{"line":83,"column":5}},"17":{"start":{"line":77,"column":8},"end":{"line":77,"column":40}},"18":{"start":{"line":78,"column":8},"end":{"line":78,"column":21}},"19":{"start":{"line":80,"column":9},"end":{"line":83,"column":5}},"20":{"start":{"line":81,"column":8},"end":{"line":81,"column":108}},"21":{"start":{"line":82,"column":8},"end":{"line":82,"column":21}},"22":{"start":{"line":84,"column":4},"end":{"line":91,"column":5}},"23":{"start":{"line":85,"column":8},"end":{"line":85,"column":41}},"24":{"start":{"line":86,"column":8},"end":{"line":86,"column":21}},"25":{"start":{"line":88,"column":9},"end":{"line":91,"column":5}},"26":{"start":{"line":89,"column":8},"end":{"line":89,"column":51}},"27":{"start":{"line":90,"column":8},"end":{"line":90,"column":21}},"28":{"start":{"line":92,"column":4},"end":{"line":99,"column":5}},"29":{"start":{"line":93,"column":8},"end":{"line":93,"column":39}},"30":{"start":{"line":94,"column":8},"end":{"line":94,"column":21}},"31":{"start":{"line":96,"column":9},"end":{"line":99,"column":5}},"32":{"start":{"line":97,"column":8},"end":{"line":97,"column":46}},"33":{"start":{"line":98,"column":8},"end":{"line":98,"column":21}},"34":{"start":{"line":101,"column":4},"end":{"line":108,"column":5}},"35":{"start":{"line":102,"column":8},"end":{"line":102,"column":46}},"36":{"start":{"line":103,"column":8},"end":{"line":103,"column":21}},"37":{"start":{"line":105,"column":9},"end":{"line":108,"column":5}},"38":{"start":{"line":106,"column":8},"end":{"line":106,"column":75}},"39":{"start":{"line":107,"column":8},"end":{"line":107,"column":21}},"40":{"start":{"line":110,"column":4},"end":{"line":117,"column":5}},"41":{"start":{"line":111,"column":8},"end":{"line":111,"column":43}},"42":{"start":{"line":112,"column":8},"end":{"line":112,"column":21}},"43":{"start":{"line":114,"column":9},"end":{"line":117,"column":5}},"44":{"start":{"line":115,"column":8},"end":{"line":115,"column":48}},"45":{"start":{"line":116,"column":8},"end":{"line":116,"column":21}},"46":{"start":{"line":119,"column":4},"end":{"line":122,"column":5}},"47":{"start":{"line":120,"column":8},"end":{"line":120,"column":44}},"48":{"start":{"line":121,"column":8},"end":{"line":121,"column":21}},"49":{"start":{"line":123,"column":4},"end":{"line":126,"column":5}},"50":{"start":{"line":124,"column":8},"end":{"line":124,"column":57}},"51":{"start":{"line":125,"column":8},"end":{"line":125,"column":21}},"52":{"start":{"line":127,"column":4},"end":{"line":130,"column":5}},"53":{"start":{"line":128,"column":8},"end":{"line":128,"column":50}},"54":{"start":{"line":129,"column":8},"end":{"line":129,"column":21}},"55":{"start":{"line":132,"column":4},"end":{"line":138,"column":5}},"56":{"start":{"line":133,"column":8},"end":{"line":134,"column":56}},"57":{"start":{"line":137,"column":8},"end":{"line":137,"column":22}},"58":{"start":{"line":141,"column":17},"end":{"line":146,"column":1}},"59":{"start":{"line":142,"column":4},"end":{"line":144,"column":5}},"60":{"start":{"line":143,"column":8},"end":{"line":143,"column":21}},"61":{"start":{"line":145,"column":4},"end":{"line":145,"column":16}},"62":{"start":{"line":149,"column":17},"end":{"line":164,"column":1}},"63":{"start":{"line":151,"column":13},"end":{"line":161,"column":5}},"64":{"start":{"line":162,"column":4},"end":{"line":162,"column":26}},"65":{"start":{"line":163,"column":4},"end":{"line":163,"column":20}},"66":{"start":{"line":166,"column":26},"end":{"line":172,"column":1}},"67":{"start":{"line":167,"column":19},"end":{"line":167,"column":53}},"68":{"start":{"line":168,"column":4},"end":{"line":170,"column":5}},"69":{"start":{"line":169,"column":8},"end":{"line":169,"column":20}},"70":{"start":{"line":171,"column":4},"end":{"line":171,"column":17}},"71":{"start":{"line":174,"column":20},"end":{"line":180,"column":1}},"72":{"start":{"line":175,"column":19},"end":{"line":175,"column":89}},"73":{"start":{"line":176,"column":4},"end":{"line":178,"column":5}},"74":{"start":{"line":177,"column":8},"end":{"line":177,"column":20}},"75":{"start":{"line":179,"column":4},"end":{"line":179,"column":17}},"76":{"start":{"line":182,"column":18},"end":{"line":203,"column":1}},"77":{"start":{"line":183,"column":14},"end":{"line":183,"column":27}},"78":{"start":{"line":184,"column":13},"end":{"line":184,"column":31}},"79":{"start":{"line":185,"column":14},"end":{"line":185,"column":32}},"80":{"start":{"line":186,"column":14},"end":{"line":186,"column":33}},"81":{"start":{"line":187,"column":14},"end":{"line":187,"column":24}},"82":{"start":{"line":188,"column":16},"end":{"line":188,"column":33}},"83":{"start":{"line":189,"column":17},"end":{"line":189,"column":33}},"84":{"start":{"line":190,"column":17},"end":{"line":190,"column":30}},"85":{"start":{"line":191,"column":4},"end":{"line":201,"column":5}},"86":{"start":{"line":192,"column":8},"end":{"line":192,"column":21}},"87":{"start":{"line":193,"column":10},"end":{"line":201,"column":5}},"88":{"start":{"line":194,"column":8},"end":{"line":200,"column":9}},"89":{"start":{"line":195,"column":12},"end":{"line":195,"column":25}},"90":{"start":{"line":196,"column":14},"end":{"line":200,"column":9}},"91":{"start":{"line":197,"column":12},"end":{"line":199,"column":13}},"92":{"start":{"line":198,"column":16},"end":{"line":198,"column":29}},"93":{"start":{"line":202,"column":4},"end":{"line":202,"column":16}},"94":{"start":{"line":205,"column":20},"end":{"line":211,"column":1}},"95":{"start":{"line":206,"column":17},"end":{"line":206,"column":65}},"96":{"start":{"line":207,"column":4},"end":{"line":209,"column":5}},"97":{"start":{"line":208,"column":8},"end":{"line":208,"column":20}},"98":{"start":{"line":210,"column":4},"end":{"line":210,"column":17}},"99":{"start":{"line":213,"column":22},"end":{"line":219,"column":1}},"100":{"start":{"line":214,"column":17},"end":{"line":214,"column":31}},"101":{"start":{"line":215,"column":4},"end":{"line":217,"column":5}},"102":{"start":{"line":216,"column":8},"end":{"line":216,"column":20}},"103":{"start":{"line":218,"column":4},"end":{"line":218,"column":17}},"104":{"start":{"line":221,"column":23},"end":{"line":227,"column":1}},"105":{"start":{"line":222,"column":4},"end":{"line":225,"column":5}},"106":{"start":{"line":224,"column":8},"end":{"line":224,"column":21}},"107":{"start":{"line":226,"column":4},"end":{"line":226,"column":16}},"108":{"start":{"line":229,"column":0},"end":{"line":235,"column":1}},"109":{"start":{"line":238,"column":8},"end":{"line":241,"column":9}},"110":{"start":{"line":244,"column":8},"end":{"line":251,"column":9}},"111":{"start":{"line":246,"column":16},"end":{"line":246,"column":58}},"112":{"start":{"line":248,"column":16},"end":{"line":248,"column":60}},"113":{"start":{"line":250,"column":16},"end":{"line":250,"column":53}}},"fnMap":{"0":{"name":"(anonymous_0)","decl":{"start":{"line":6,"column":24},"end":{"line":6,"column":25}},"loc":{"start":{"line":6,"column":71},"end":{"line":67,"column":1}},"line":6},"1":{"name":"(anonymous_1)","decl":{"start":{"line":22,"column":32},"end":{"line":22,"column":33}},"loc":{"start":{"line":22,"column":40},"end":{"line":22,"column":51}},"line":22},"2":{"name":"(anonymous_2)","decl":{"start":{"line":27,"column":32},"end":{"line":27,"column":33}},"loc":{"start":{"line":27,"column":40},"end":{"line":27,"column":52}},"line":27},"3":{"name":"(anonymous_3)","decl":{"start":{"line":32,"column":32},"end":{"line":32,"column":33}},"loc":{"start":{"line":32,"column":40},"end":{"line":32,"column":55}},"line":32},"4":{"name":"(anonymous_4)","decl":{"start":{"line":37,"column":32},"end":{"line":37,"column":33}},"loc":{"start":{"line":37,"column":40},"end":{"line":37,"column":52}},"line":37},"5":{"name":"(anonymous_5)","decl":{"start":{"line":42,"column":32},"end":{"line":42,"column":33}},"loc":{"start":{"line":42,"column":40},"end":{"line":42,"column":54}},"line":42},"6":{"name":"(anonymous_6)","decl":{"start":{"line":47,"column":32},"end":{"line":47,"column":33}},"loc":{"start":{"line":47,"column":40},"end":{"line":47,"column":50}},"line":47},"7":{"name":"(anonymous_7)","decl":{"start":{"line":52,"column":32},"end":{"line":52,"column":33}},"loc":{"start":{"line":52,"column":40},"end":{"line":52,"column":50}},"line":52},"8":{"name":"(anonymous_8)","decl":{"start":{"line":56,"column":36},"end":{"line":56,"column":37}},"loc":{"start":{"line":57,"column":27},"end":{"line":59,"column":87}},"line":57},"9":{"name":"(anonymous_9)","decl":{"start":{"line":70,"column":19},"end":{"line":70,"column":20}},"loc":{"start":{"line":71,"column":65},"end":{"line":139,"column":1}},"line":71},"10":{"name":"(anonymous_10)","decl":{"start":{"line":141,"column":17},"end":{"line":141,"column":18}},"loc":{"start":{"line":141,"column":28},"end":{"line":146,"column":1}},"line":141},"11":{"name":"(anonymous_11)","decl":{"start":{"line":149,"column":17},"end":{"line":149,"column":18}},"loc":{"start":{"line":150,"column":63},"end":{"line":164,"column":1}},"line":150},"12":{"name":"(anonymous_12)","decl":{"start":{"line":166,"column":26},"end":{"line":166,"column":27}},"loc":{"start":{"line":166,"column":37},"end":{"line":172,"column":1}},"line":166},"13":{"name":"(anonymous_13)","decl":{"start":{"line":174,"column":20},"end":{"line":174,"column":21}},"loc":{"start":{"line":174,"column":31},"end":{"line":180,"column":1}},"line":174},"14":{"name":"(anonymous_14)","decl":{"start":{"line":182,"column":18},"end":{"line":182,"column":19}},"loc":{"start":{"line":182,"column":29},"end":{"line":203,"column":1}},"line":182},"15":{"name":"(anonymous_15)","decl":{"start":{"line":205,"column":20},"end":{"line":205,"column":21}},"loc":{"start":{"line":205,"column":31},"end":{"line":211,"column":1}},"line":205},"16":{"name":"(anonymous_16)","decl":{"start":{"line":213,"column":22},"end":{"line":213,"column":23}},"loc":{"start":{"line":213,"column":33},"end":{"line":219,"column":1}},"line":213},"17":{"name":"(anonymous_17)","decl":{"start":{"line":221,"column":23},"end":{"line":221,"column":24}},"loc":{"start":{"line":221,"column":44},"end":{"line":227,"column":1}},"line":221},"18":{"name":"(anonymous_18)","decl":{"start":{"line":237,"column":4},"end":{"line":237,"column":5}},"loc":{"start":{"line":237,"column":15},"end":{"line":242,"column":5}},"line":237},"19":{"name":"(anonymous_19)","decl":{"start":{"line":243,"column":4},"end":{"line":243,"column":5}},"loc":{"start":{"line":243,"column":18},"end":{"line":252,"column":5}},"line":243},"20":{"name":"(anonymous_20)","decl":{"start":{"line":245,"column":21},"end":{"line":245,"column":22}},"loc":{"start":{"line":246,"column":16},"end":{"line":246,"column":58}},"line":246},"21":{"name":"(anonymous_21)","decl":{"start":{"line":247,"column":22},"end":{"line":247,"column":23}},"loc":{"start":{"line":248,"column":16},"end":{"line":248,"column":60}},"line":248},"22":{"name":"(anonymous_22)","decl":{"start":{"line":249,"column":24},"end":{"line":249,"column":25}},"loc":{"start":{"line":250,"column":16},"end":{"line":250,"column":53}},"line":250}},"branchMap":{"0":{"loc":{"start":{"line":76,"column":4},"end":{"line":83,"column":5}},"type":"if","locations":[{"start":{"line":76,"column":4},"end":{"line":83,"column":5}},{"start":{"line":76,"column":4},"end":{"line":83,"column":5}}],"line":76},"1":{"loc":{"start":{"line":80,"column":9},"end":{"line":83,"column":5}},"type":"if","locations":[{"start":{"line":80,"column":9},"end":{"line":83,"column":5}},{"start":{"line":80,"column":9},"end":{"line":83,"column":5}}],"line":80},"2":{"loc":{"start":{"line":84,"column":4},"end":{"line":91,"column":5}},"type":"if","locations":[{"start":{"line":84,"column":4},"end":{"line":91,"column":5}},{"start":{"line":84,"column":4},"end":{"line":91,"column":5}}],"line":84},"3":{"loc":{"start":{"line":88,"column":9},"end":{"line":91,"column":5}},"type":"if","locations":[{"start":{"line":88,"column":9},"end":{"line":91,"column":5}},{"start":{"line":88,"column":9},"end":{"line":91,"column":5}}],"line":88},"4":{"loc":{"start":{"line":92,"column":4},"end":{"line":99,"column":5}},"type":"if","locations":[{"start":{"line":92,"column":4},"end":{"line":99,"column":5}},{"start":{"line":92,"column":4},"end":{"line":99,"column":5}}],"line":92},"5":{"loc":{"start":{"line":96,"column":9},"end":{"line":99,"column":5}},"type":"if","locations":[{"start":{"line":96,"column":9},"end":{"line":99,"column":5}},{"start":{"line":96,"column":9},"end":{"line":99,"column":5}}],"line":96},"6":{"loc":{"start":{"line":101,"column":4},"end":{"line":108,"column":5}},"type":"if","locations":[{"start":{"line":101,"column":4},"end":{"line":108,"column":5}},{"start":{"line":101,"column":4},"end":{"line":108,"column":5}}],"line":101},"7":{"loc":{"start":{"line":105,"column":9},"end":{"line":108,"column":5}},"type":"if","locations":[{"start":{"line":105,"column":9},"end":{"line":108,"column":5}},{"start":{"line":105,"column":9},"end":{"line":108,"column":5}}],"line":105},"8":{"loc":{"start":{"line":110,"column":4},"end":{"line":117,"column":5}},"type":"if","locations":[{"start":{"line":110,"column":4},"end":{"line":117,"column":5}},{"start":{"line":110,"column":4},"end":{"line":117,"column":5}}],"line":110},"9":{"loc":{"start":{"line":114,"column":9},"end":{"line":117,"column":5}},"type":"if","locations":[{"start":{"line":114,"column":9},"end":{"line":117,"column":5}},{"start":{"line":114,"column":9},"end":{"line":117,"column":5}}],"line":114},"10":{"loc":{"start":{"line":119,"column":4},"end":{"line":122,"column":5}},"type":"if","locations":[{"start":{"line":119,"column":4},"end":{"line":122,"column":5}},{"start":{"line":119,"column":4},"end":{"line":122,"column":5}}],"line":119},"11":{"loc":{"start":{"line":123,"column":4},"end":{"line":126,"column":5}},"type":"if","locations":[{"start":{"line":123,"column":4},"end":{"line":126,"column":5}},{"start":{"line":123,"column":4},"end":{"line":126,"column":5}}],"line":123},"12":{"loc":{"start":{"line":127,"column":4},"end":{"line":130,"column":5}},"type":"if","locations":[{"start":{"line":127,"column":4},"end":{"line":130,"column":5}},{"start":{"line":127,"column":4},"end":{"line":130,"column":5}}],"line":127},"13":{"loc":{"start":{"line":132,"column":4},"end":{"line":138,"column":5}},"type":"if","locations":[{"start":{"line":132,"column":4},"end":{"line":138,"column":5}},{"start":{"line":132,"column":4},"end":{"line":138,"column":5}}],"line":132},"14":{"loc":{"start":{"line":142,"column":4},"end":{"line":144,"column":5}},"type":"if","locations":[{"start":{"line":142,"column":4},"end":{"line":144,"column":5}},{"start":{"line":142,"column":4},"end":{"line":144,"column":5}}],"line":142},"15":{"loc":{"start":{"line":142,"column":7},"end":{"line":142,"column":49}},"type":"binary-expr","locations":[{"start":{"line":142,"column":7},"end":{"line":142,"column":26}},{"start":{"line":142,"column":28},"end":{"line":142,"column":49}}],"line":142},"16":{"loc":{"start":{"line":168,"column":4},"end":{"line":170,"column":5}},"type":"if","locations":[{"start":{"line":168,"column":4},"end":{"line":170,"column":5}},{"start":{"line":168,"column":4},"end":{"line":170,"column":5}}],"line":168},"17":{"loc":{"start":{"line":168,"column":7},"end":{"line":168,"column":62}},"type":"binary-expr","locations":[{"start":{"line":168,"column":7},"end":{"line":168,"column":38}},{"start":{"line":168,"column":40},"end":{"line":168,"column":62}}],"line":168},"18":{"loc":{"start":{"line":176,"column":4},"end":{"line":178,"column":5}},"type":"if","locations":[{"start":{"line":176,"column":4},"end":{"line":178,"column":5}},{"start":{"line":176,"column":4},"end":{"line":178,"column":5}}],"line":176},"19":{"loc":{"start":{"line":176,"column":7},"end":{"line":176,"column":60}},"type":"binary-expr","locations":[{"start":{"line":176,"column":7},"end":{"line":176,"column":36}},{"start":{"line":176,"column":39},"end":{"line":176,"column":59}}],"line":176},"20":{"loc":{"start":{"line":191,"column":4},"end":{"line":201,"column":5}},"type":"if","locations":[{"start":{"line":191,"column":4},"end":{"line":201,"column":5}},{"start":{"line":191,"column":4},"end":{"line":201,"column":5}}],"line":191},"21":{"loc":{"start":{"line":193,"column":10},"end":{"line":201,"column":5}},"type":"if","locations":[{"start":{"line":193,"column":10},"end":{"line":201,"column":5}},{"start":{"line":193,"column":10},"end":{"line":201,"column":5}}],"line":193},"22":{"loc":{"start":{"line":194,"column":8},"end":{"line":200,"column":9}},"type":"if","locations":[{"start":{"line":194,"column":8},"end":{"line":200,"column":9}},{"start":{"line":194,"column":8},"end":{"line":200,"column":9}}],"line":194},"23":{"loc":{"start":{"line":196,"column":14},"end":{"line":200,"column":9}},"type":"if","locations":[{"start":{"line":196,"column":14},"end":{"line":200,"column":9}},{"start":{"line":196,"column":14},"end":{"line":200,"column":9}}],"line":196},"24":{"loc":{"start":{"line":197,"column":12},"end":{"line":199,"column":13}},"type":"if","locations":[{"start":{"line":197,"column":12},"end":{"line":199,"column":13}},{"start":{"line":197,"column":12},"end":{"line":199,"column":13}}],"line":197},"25":{"loc":{"start":{"line":207,"column":4},"end":{"line":209,"column":5}},"type":"if","locations":[{"start":{"line":207,"column":4},"end":{"line":209,"column":5}},{"start":{"line":207,"column":4},"end":{"line":209,"column":5}}],"line":207},"26":{"loc":{"start":{"line":207,"column":7},"end":{"line":207,"column":58}},"type":"binary-expr","locations":[{"start":{"line":207,"column":7},"end":{"line":207,"column":34}},{"start":{"line":207,"column":37},"end":{"line":207,"column":57}}],"line":207},"27":{"loc":{"start":{"line":215,"column":4},"end":{"line":217,"column":5}},"type":"if","locations":[{"start":{"line":215,"column":4},"end":{"line":217,"column":5}},{"start":{"line":215,"column":4},"end":{"line":217,"column":5}}],"line":215},"28":{"loc":{"start":{"line":215,"column":7},"end":{"line":215,"column":58}},"type":"binary-expr","locations":[{"start":{"line":215,"column":7},"end":{"line":215,"column":34}},{"start":{"line":215,"column":37},"end":{"line":215,"column":57}}],"line":215},"29":{"loc":{"start":{"line":222,"column":4},"end":{"line":225,"column":5}},"type":"if","locations":[{"start":{"line":222,"column":4},"end":{"line":225,"column":5}},{"start":{"line":222,"column":4},"end":{"line":225,"column":5}}],"line":222},"30":{"loc":{"start":{"line":222,"column":7},"end":{"line":223,"column":55}},"type":"binary-expr","locations":[{"start":{"line":222,"column":7},"end":{"line":222,"column":37}},{"start":{"line":223,"column":11},"end":{"line":223,"column":31}},{"start":{"line":223,"column":35},"end":{"line":223,"column":55}}],"line":222}},"s":{"0":0,"1":0,"2":0,"3":0,"4":0,"5":0,"6":0,"7":0,"8":0,"9":0,"10":0,"11":0,"12":0,"13":0,"14":0,"15":0,"16":0,"17":0,"18":0,"19":0,"20":0,"21":0,"22":0,"23":0,"24":0,"25":0,"26":0,"27":0,"28":0,"29":0,"30":0,"31":0,"32":0,"33":0,"34":0,"35":0,"36":0,"37":0,"38":0,"39":0,"40":0,"41":0,"42":0,"43":0,"44":0,"45":0,"46":0,"47":0,"48":0,"49":0,"50":0,"51":0,"52":0,"53":0,"54":0,"55":0,"56":0,"57":0,"58":0,"59":0,"60":0,"61":0,"62":0,"63":0,"64":0,"65":0,"66":0,"67":0,"68":0,"69":0,"70":0,"71":0,"72":0,"73":0,"74":0,"75":0,"76":0,"77":0,"78":0,"79":0,"80":0,"81":0,"82":0,"83":0,"84":0,"85":0,"86":0,"87":0,"88":0,"89":0,"90":0,"91":0,"92":0,"93":0,"94":0,"95":0,"96":0,"97":0,"98":0,"99":0,"100":0,"101":0,"102":0,"103":0,"104":0,"105":0,"106":0,"107":0,"108":0,"109":0,"110":0,"111":0,"112":0,"113":0},"f":{"0":0,"1":0,"2":0,"3":0,"4":0,"5":0,"6":0,"7":0,"8":0,"9":0,"10":0,"11":0,"12":0,"13":0,"14":0,"15":0,"16":0,"17":0,"18":0,"19":0,"20":0,"21":0,"22":0},"b":{"0":[0,0],"1":[0,0],"2":[0,0],"3":[0,0],"4":[0,0],"5":[0,0],"6":[0,0],"7":[0,0],"8":[0,0],"9":[0,0],"10":[0,0],"11":[0,0],"12":[0,0],"13":[0,0],"14":[0,0],"15":[0,0],"16":[0,0],"17":[0,0],"18":[0,0],"19":[0,0],"20":[0,0],"21":[0,0],"22":[0,0],"23":[0,0],"24":[0,0],"25":[0,0],"26":[0,0],"27":[0,0],"28":[0,0],"29":[0,0],"30":[0,0,0]}}
,"D:\\FA 2021\\COMP 531\\hw4-chelsea10bqr\\frontend\\src\\components\\main\\bar.js": {"path":"D:\\FA 2021\\COMP 531\\hw4-chelsea10bqr\\frontend\\src\\components\\main\\bar.js","statementMap":{"0":{"start":{"line":6,"column":19},"end":{"line":23,"column":1}},"1":{"start":{"line":8,"column":4},"end":{"line":22,"column":5}},"2":{"start":{"line":12,"column":20},"end":{"line":12,"column":43}},"3":{"start":{"line":13,"column":23},"end":{"line":13,"column":61}},"4":{"start":{"line":17,"column":20},"end":{"line":17,"column":43}},"5":{"start":{"line":18,"column":23},"end":{"line":18,"column":56}},"6":{"start":{"line":25,"column":16},"end":{"line":28,"column":1}},"7":{"start":{"line":26,"column":4},"end":{"line":26,"column":27}},"8":{"start":{"line":27,"column":4},"end":{"line":27,"column":23}},"9":{"start":{"line":30,"column":16},"end":{"line":33,"column":1}},"10":{"start":{"line":31,"column":4},"end":{"line":31,"column":27}},"11":{"start":{"line":32,"column":4},"end":{"line":32,"column":19}},"12":{"start":{"line":35,"column":0},"end":{"line":39,"column":1}},"13":{"start":{"line":42,"column":8},"end":{"line":45,"column":9}},"14":{"start":{"line":48,"column":8},"end":{"line":51,"column":9}},"15":{"start":{"line":49,"column":31},"end":{"line":49,"column":57}},"16":{"start":{"line":50,"column":35},"end":{"line":50,"column":75}}},"fnMap":{"0":{"name":"(anonymous_0)","decl":{"start":{"line":6,"column":19},"end":{"line":6,"column":20}},"loc":{"start":{"line":6,"column":68},"end":{"line":23,"column":1}},"line":6},"1":{"name":"(anonymous_1)","decl":{"start":{"line":11,"column":28},"end":{"line":11,"column":29}},"loc":{"start":{"line":12,"column":19},"end":{"line":13,"column":62}},"line":12},"2":{"name":"(anonymous_2)","decl":{"start":{"line":16,"column":28},"end":{"line":16,"column":29}},"loc":{"start":{"line":17,"column":19},"end":{"line":18,"column":57}},"line":17},"3":{"name":"(anonymous_3)","decl":{"start":{"line":25,"column":16},"end":{"line":25,"column":17}},"loc":{"start":{"line":25,"column":47},"end":{"line":28,"column":1}},"line":25},"4":{"name":"(anonymous_4)","decl":{"start":{"line":30,"column":16},"end":{"line":30,"column":17}},"loc":{"start":{"line":30,"column":42},"end":{"line":33,"column":1}},"line":30},"5":{"name":"(anonymous_5)","decl":{"start":{"line":41,"column":4},"end":{"line":41,"column":5}},"loc":{"start":{"line":41,"column":15},"end":{"line":46,"column":5}},"line":41},"6":{"name":"(anonymous_6)","decl":{"start":{"line":47,"column":4},"end":{"line":47,"column":5}},"loc":{"start":{"line":47,"column":18},"end":{"line":52,"column":5}},"line":47},"7":{"name":"(anonymous_7)","decl":{"start":{"line":49,"column":27},"end":{"line":49,"column":28}},"loc":{"start":{"line":49,"column":31},"end":{"line":49,"column":57}},"line":49},"8":{"name":"(anonymous_8)","decl":{"start":{"line":50,"column":27},"end":{"line":50,"column":28}},"loc":{"start":{"line":50,"column":35},"end":{"line":50,"column":75}},"line":50}},"branchMap":{},"s":{"0":0,"1":0,"2":0,"3":0,"4":0,"5":0,"6":0,"7":0,"8":0,"9":0,"10":0,"11":0,"12":0,"13":0,"14":0,"15":0,"16":0},"f":{"0":0,"1":0,"2":0,"3":0,"4":0,"5":0,"6":0,"7":0,"8":0},"b":{}}
,"D:\\FA 2021\\COMP 531\\hw4-chelsea10bqr\\frontend\\src\\components\\main\\followers.js": {"path":"D:\\FA 2021\\COMP 531\\hw4-chelsea10bqr\\frontend\\src\\components\\main\\followers.js","statementMap":{"0":{"start":{"line":9,"column":17},"end":{"line":9,"column":55}},"1":{"start":{"line":10,"column":13},"end":{"line":22,"column":1}},"2":{"start":{"line":11,"column":4},"end":{"line":21,"column":10}},"3":{"start":{"line":17,"column":31},"end":{"line":17,"column":59}},"4":{"start":{"line":29,"column":8},"end":{"line":29,"column":20}},"5":{"start":{"line":30,"column":8},"end":{"line":30,"column":72}},"6":{"start":{"line":33,"column":8},"end":{"line":62,"column":9}},"7":{"start":{"line":39,"column":39},"end":{"line":39,"column":63}},"8":{"start":{"line":40,"column":28},"end":{"line":46,"column":29}},"9":{"start":{"line":40,"column":40},"end":{"line":40,"column":41}},"10":{"start":{"line":41,"column":32},"end":{"line":45,"column":33}},"11":{"start":{"line":42,"column":36},"end":{"line":44,"column":37}},"12":{"start":{"line":55,"column":32},"end":{"line":55,"column":50}},"13":{"start":{"line":66,"column":21},"end":{"line":113,"column":1}},"14":{"start":{"line":67,"column":15},"end":{"line":67,"column":20}},"15":{"start":{"line":68,"column":15},"end":{"line":68,"column":60}},"16":{"start":{"line":69,"column":8},"end":{"line":103,"column":6}},"17":{"start":{"line":69,"column":20},"end":{"line":69,"column":21}},"18":{"start":{"line":70,"column":12},"end":{"line":102,"column":13}},"19":{"start":{"line":71,"column":16},"end":{"line":83,"column":18}},"20":{"start":{"line":84,"column":29},"end":{"line":84,"column":53}},"21":{"start":{"line":85,"column":16},"end":{"line":85,"column":43}},"22":{"start":{"line":86,"column":27},"end":{"line":96,"column":17}},"23":{"start":{"line":97,"column":16},"end":{"line":97,"column":31}},"24":{"start":{"line":98,"column":16},"end":{"line":98,"column":50}},"25":{"start":{"line":99,"column":16},"end":{"line":99,"column":67}},"26":{"start":{"line":100,"column":16},"end":{"line":100,"column":28}},"27":{"start":{"line":101,"column":16},"end":{"line":101,"column":39}},"28":{"start":{"line":104,"column":4},"end":{"line":112,"column":5}},"29":{"start":{"line":105,"column":8},"end":{"line":109,"column":10}},"30":{"start":{"line":110,"column":8},"end":{"line":110,"column":58}},"31":{"start":{"line":111,"column":8},"end":{"line":111,"column":50}},"32":{"start":{"line":115,"column":15},"end":{"line":129,"column":1}},"33":{"start":{"line":116,"column":4},"end":{"line":118,"column":6}},"34":{"start":{"line":117,"column":63},"end":{"line":117,"column":79}},"35":{"start":{"line":119,"column":17},"end":{"line":119,"column":41}},"36":{"start":{"line":120,"column":4},"end":{"line":126,"column":5}},"37":{"start":{"line":120,"column":17},"end":{"line":120,"column":18}},"38":{"start":{"line":122,"column":8},"end":{"line":125,"column":9}},"39":{"start":{"line":124,"column":12},"end":{"line":124,"column":32}},"40":{"start":{"line":127,"column":13},"end":{"line":127,"column":71}},"41":{"start":{"line":127,"column":54},"end":{"line":127,"column":70}},"42":{"start":{"line":128,"column":4},"end":{"line":128,"column":38}},"43":{"start":{"line":131,"column":24},"end":{"line":134,"column":1}},"44":{"start":{"line":132,"column":4},"end":{"line":133,"column":5}},"45":{"start":{"line":136,"column":27},"end":{"line":140,"column":1}},"46":{"start":{"line":137,"column":4},"end":{"line":139,"column":5}},"47":{"start":{"line":138,"column":41},"end":{"line":138,"column":77}}},"fnMap":{"0":{"name":"(anonymous_0)","decl":{"start":{"line":10,"column":13},"end":{"line":10,"column":14}},"loc":{"start":{"line":11,"column":4},"end":{"line":21,"column":10}},"line":11},"1":{"name":"(anonymous_1)","decl":{"start":{"line":17,"column":25},"end":{"line":17,"column":26}},"loc":{"start":{"line":17,"column":31},"end":{"line":17,"column":59}},"line":17},"2":{"name":"(anonymous_2)","decl":{"start":{"line":28,"column":4},"end":{"line":28,"column":5}},"loc":{"start":{"line":28,"column":23},"end":{"line":31,"column":5}},"line":28},"3":{"name":"(anonymous_3)","decl":{"start":{"line":32,"column":4},"end":{"line":32,"column":5}},"loc":{"start":{"line":32,"column":13},"end":{"line":63,"column":5}},"line":32},"4":{"name":"(anonymous_4)","decl":{"start":{"line":38,"column":52},"end":{"line":38,"column":53}},"loc":{"start":{"line":38,"column":69},"end":{"line":47,"column":25}},"line":38},"5":{"name":"(anonymous_5)","decl":{"start":{"line":54,"column":37},"end":{"line":54,"column":38}},"loc":{"start":{"line":55,"column":32},"end":{"line":55,"column":50}},"line":55},"6":{"name":"(anonymous_6)","decl":{"start":{"line":66,"column":21},"end":{"line":66,"column":22}},"loc":{"start":{"line":66,"column":31},"end":{"line":113,"column":1}},"line":66},"7":{"name":"(anonymous_7)","decl":{"start":{"line":115,"column":15},"end":{"line":115,"column":16}},"loc":{"start":{"line":115,"column":37},"end":{"line":129,"column":1}},"line":115},"8":{"name":"(anonymous_8)","decl":{"start":{"line":117,"column":53},"end":{"line":117,"column":54}},"loc":{"start":{"line":117,"column":63},"end":{"line":117,"column":79}},"line":117},"9":{"name":"(anonymous_9)","decl":{"start":{"line":127,"column":44},"end":{"line":127,"column":45}},"loc":{"start":{"line":127,"column":54},"end":{"line":127,"column":70}},"line":127},"10":{"name":"(anonymous_10)","decl":{"start":{"line":131,"column":24},"end":{"line":131,"column":25}},"loc":{"start":{"line":131,"column":35},"end":{"line":134,"column":1}},"line":131},"11":{"name":"(anonymous_11)","decl":{"start":{"line":136,"column":27},"end":{"line":136,"column":28}},"loc":{"start":{"line":136,"column":41},"end":{"line":140,"column":1}},"line":136},"12":{"name":"(anonymous_12)","decl":{"start":{"line":138,"column":22},"end":{"line":138,"column":23}},"loc":{"start":{"line":138,"column":41},"end":{"line":138,"column":77}},"line":138}},"branchMap":{"0":{"loc":{"start":{"line":41,"column":32},"end":{"line":45,"column":33}},"type":"if","locations":[{"start":{"line":41,"column":32},"end":{"line":45,"column":33}},{"start":{"line":41,"column":32},"end":{"line":45,"column":33}}],"line":41},"1":{"loc":{"start":{"line":70,"column":12},"end":{"line":102,"column":13}},"type":"if","locations":[{"start":{"line":70,"column":12},"end":{"line":102,"column":13}},{"start":{"line":70,"column":12},"end":{"line":102,"column":13}}],"line":70},"2":{"loc":{"start":{"line":104,"column":4},"end":{"line":112,"column":5}},"type":"if","locations":[{"start":{"line":104,"column":4},"end":{"line":112,"column":5}},{"start":{"line":104,"column":4},"end":{"line":112,"column":5}}],"line":104},"3":{"loc":{"start":{"line":122,"column":8},"end":{"line":125,"column":9}},"type":"if","locations":[{"start":{"line":122,"column":8},"end":{"line":125,"column":9}},{"start":{"line":122,"column":8},"end":{"line":125,"column":9}}],"line":122}},"s":{"0":0,"1":0,"2":0,"3":0,"4":0,"5":0,"6":0,"7":0,"8":0,"9":0,"10":0,"11":0,"12":0,"13":0,"14":0,"15":0,"16":0,"17":0,"18":0,"19":0,"20":0,"21":0,"22":0,"23":0,"24":0,"25":0,"26":0,"27":0,"28":0,"29":0,"30":0,"31":0,"32":0,"33":0,"34":0,"35":0,"36":0,"37":0,"38":0,"39":0,"40":0,"41":0,"42":0,"43":0,"44":0,"45":0,"46":0,"47":0},"f":{"0":0,"1":0,"2":0,"3":0,"4":0,"5":0,"6":0,"7":0,"8":0,"9":0,"10":0,"11":0,"12":0},"b":{"0":[0,0],"1":[0,0],"2":[0,0],"3":[0,0]}}
,"D:\\FA 2021\\COMP 531\\hw4-chelsea10bqr\\frontend\\src\\components\\main\\headline.js": {"path":"D:\\FA 2021\\COMP 531\\hw4-chelsea10bqr\\frontend\\src\\components\\main\\headline.js","statementMap":{"0":{"start":{"line":6,"column":24},"end":{"line":24,"column":1}},"1":{"start":{"line":8,"column":4},"end":{"line":23,"column":5}},"2":{"start":{"line":14,"column":65},"end":{"line":14,"column":80}},"3":{"start":{"line":18,"column":13},"end":{"line":18,"column":36}},"4":{"start":{"line":19,"column":16},"end":{"line":19,"column":70}},"5":{"start":{"line":26,"column":21},"end":{"line":30,"column":1}},"6":{"start":{"line":27,"column":4},"end":{"line":27,"column":32}},"7":{"start":{"line":28,"column":4},"end":{"line":28,"column":38}},"8":{"start":{"line":29,"column":4},"end":{"line":29,"column":30}},"9":{"start":{"line":33,"column":0},"end":{"line":37,"column":1}},"10":{"start":{"line":41,"column":8},"end":{"line":44,"column":9}},"11":{"start":{"line":47,"column":8},"end":{"line":50,"column":9}},"12":{"start":{"line":49,"column":16},"end":{"line":49,"column":64}}},"fnMap":{"0":{"name":"(anonymous_0)","decl":{"start":{"line":6,"column":24},"end":{"line":6,"column":25}},"loc":{"start":{"line":6,"column":61},"end":{"line":24,"column":1}},"line":6},"1":{"name":"(anonymous_1)","decl":{"start":{"line":14,"column":57},"end":{"line":14,"column":58}},"loc":{"start":{"line":14,"column":65},"end":{"line":14,"column":80}},"line":14},"2":{"name":"(anonymous_2)","decl":{"start":{"line":17,"column":52},"end":{"line":17,"column":53}},"loc":{"start":{"line":18,"column":12},"end":{"line":19,"column":71}},"line":18},"3":{"name":"(anonymous_3)","decl":{"start":{"line":26,"column":21},"end":{"line":26,"column":22}},"loc":{"start":{"line":26,"column":63},"end":{"line":30,"column":1}},"line":26},"4":{"name":"(anonymous_4)","decl":{"start":{"line":40,"column":4},"end":{"line":40,"column":5}},"loc":{"start":{"line":40,"column":15},"end":{"line":45,"column":5}},"line":40},"5":{"name":"(anonymous_5)","decl":{"start":{"line":46,"column":4},"end":{"line":46,"column":5}},"loc":{"start":{"line":46,"column":18},"end":{"line":51,"column":5}},"line":46},"6":{"name":"(anonymous_6)","decl":{"start":{"line":48,"column":25},"end":{"line":48,"column":26}},"loc":{"start":{"line":49,"column":16},"end":{"line":49,"column":64}},"line":49}},"branchMap":{},"s":{"0":0,"1":0,"2":0,"3":0,"4":0,"5":0,"6":0,"7":0,"8":0,"9":0,"10":0,"11":0,"12":0},"f":{"0":0,"1":0,"2":0,"3":0,"4":0,"5":0,"6":0},"b":{}}
,"D:\\FA 2021\\COMP 531\\hw4-chelsea10bqr\\frontend\\src\\components\\main\\main.js": {"path":"D:\\FA 2021\\COMP 531\\hw4-chelsea10bqr\\frontend\\src\\components\\main\\main.js","statementMap":{"0":{"start":{"line":10,"column":20},"end":{"line":36,"column":1}},"1":{"start":{"line":11,"column":4},"end":{"line":35,"column":10}},"2":{"start":{"line":38,"column":0},"end":{"line":40,"column":1}},"3":{"start":{"line":44,"column":8},"end":{"line":47,"column":9}}},"fnMap":{"0":{"name":"(anonymous_0)","decl":{"start":{"line":10,"column":20},"end":{"line":10,"column":21}},"loc":{"start":{"line":11,"column":4},"end":{"line":35,"column":10}},"line":11},"1":{"name":"(anonymous_1)","decl":{"start":{"line":43,"column":4},"end":{"line":43,"column":5}},"loc":{"start":{"line":43,"column":15},"end":{"line":48,"column":5}},"line":43}},"branchMap":{},"s":{"0":0,"1":0,"2":0,"3":0},"f":{"0":0,"1":0},"b":{}}
,"D:\\FA 2021\\COMP 531\\hw4-chelsea10bqr\\frontend\\src\\components\\main\\posts\\addposts.js": {"path":"D:\\FA 2021\\COMP 531\\hw4-chelsea10bqr\\frontend\\src\\components\\main\\posts\\addposts.js","statementMap":{"0":{"start":{"line":6,"column":17},"end":{"line":26,"column":1}},"1":{"start":{"line":7,"column":4},"end":{"line":25,"column":5}},"2":{"start":{"line":17,"column":25},"end":{"line":17,"column":52}},"3":{"start":{"line":18,"column":16},"end":{"line":18,"column":82}},"4":{"start":{"line":19,"column":16},"end":{"line":19,"column":62}},"5":{"start":{"line":22,"column":16},"end":{"line":22,"column":64}},"6":{"start":{"line":31,"column":8},"end":{"line":33,"column":9}},"7":{"start":{"line":36,"column":8},"end":{"line":39,"column":9}},"8":{"start":{"line":38,"column":16},"end":{"line":38,"column":72}}},"fnMap":{"0":{"name":"(anonymous_0)","decl":{"start":{"line":6,"column":17},"end":{"line":6,"column":18}},"loc":{"start":{"line":6,"column":36},"end":{"line":26,"column":1}},"line":6},"1":{"name":"(anonymous_1)","decl":{"start":{"line":16,"column":59},"end":{"line":16,"column":60}},"loc":{"start":{"line":16,"column":65},"end":{"line":20,"column":13}},"line":16},"2":{"name":"(anonymous_2)","decl":{"start":{"line":21,"column":59},"end":{"line":21,"column":60}},"loc":{"start":{"line":21,"column":65},"end":{"line":22,"column":65}},"line":21},"3":{"name":"(anonymous_3)","decl":{"start":{"line":30,"column":4},"end":{"line":30,"column":5}},"loc":{"start":{"line":30,"column":15},"end":{"line":34,"column":5}},"line":30},"4":{"name":"(anonymous_4)","decl":{"start":{"line":35,"column":4},"end":{"line":35,"column":5}},"loc":{"start":{"line":35,"column":18},"end":{"line":40,"column":5}},"line":35},"5":{"name":"(anonymous_5)","decl":{"start":{"line":37,"column":20},"end":{"line":37,"column":21}},"loc":{"start":{"line":38,"column":16},"end":{"line":38,"column":72}},"line":38}},"branchMap":{},"s":{"0":0,"1":0,"2":0,"3":0,"4":0,"5":0,"6":0,"7":0,"8":0},"f":{"0":0,"1":0,"2":0,"3":0,"4":0,"5":0},"b":{}}
,"D:\\FA 2021\\COMP 531\\hw4-chelsea10bqr\\frontend\\src\\components\\main\\posts\\posts.js": {"path":"D:\\FA 2021\\COMP 531\\hw4-chelsea10bqr\\frontend\\src\\components\\main\\posts\\posts.js","statementMap":{"0":{"start":{"line":6,"column":14},"end":{"line":14,"column":1}},"1":{"start":{"line":7,"column":4},"end":{"line":13,"column":5}}},"fnMap":{"0":{"name":"(anonymous_0)","decl":{"start":{"line":6,"column":14},"end":{"line":6,"column":15}},"loc":{"start":{"line":6,"column":25},"end":{"line":14,"column":1}},"line":6}},"branchMap":{},"s":{"0":0,"1":0},"f":{"0":0},"b":{}}
,"D:\\FA 2021\\COMP 531\\hw4-chelsea10bqr\\frontend\\src\\components\\main\\posts\\poststable.js": {"path":"D:\\FA 2021\\COMP 531\\hw4-chelsea10bqr\\frontend\\src\\components\\main\\posts\\poststable.js","statementMap":{"0":{"start":{"line":5,"column":17},"end":{"line":5,"column":58}},"1":{"start":{"line":6,"column":17},"end":{"line":6,"column":64}},"2":{"start":{"line":7,"column":13},"end":{"line":39,"column":1}},"3":{"start":{"line":8,"column":4},"end":{"line":38,"column":12}},"4":{"start":{"line":44,"column":8},"end":{"line":44,"column":20}},"5":{"start":{"line":45,"column":8},"end":{"line":45,"column":85}},"6":{"start":{"line":49,"column":8},"end":{"line":53,"column":10}},"7":{"start":{"line":57,"column":8},"end":{"line":120,"column":9}},"8":{"start":{"line":62,"column":43},"end":{"line":62,"column":55}},"9":{"start":{"line":68,"column":32},"end":{"line":114,"column":33}},"10":{"start":{"line":69,"column":36},"end":{"line":72,"column":37}},"11":{"start":{"line":74,"column":45},"end":{"line":74,"column":84}},"12":{"start":{"line":75,"column":46},"end":{"line":75,"column":82}},"13":{"start":{"line":76,"column":46},"end":{"line":76,"column":82}},"14":{"start":{"line":77,"column":47},"end":{"line":77,"column":79}},"15":{"start":{"line":78,"column":46},"end":{"line":78,"column":78}},"16":{"start":{"line":79,"column":46},"end":{"line":79,"column":78}},"17":{"start":{"line":80,"column":36},"end":{"line":80,"column":118}},"18":{"start":{"line":81,"column":36},"end":{"line":85,"column":37}},"19":{"start":{"line":81,"column":49},"end":{"line":81,"column":50}},"20":{"start":{"line":82,"column":40},"end":{"line":84,"column":41}},"21":{"start":{"line":83,"column":44},"end":{"line":83,"column":80}},"22":{"start":{"line":86,"column":47},"end":{"line":86,"column":80}},"23":{"start":{"line":87,"column":36},"end":{"line":87,"column":72}},"24":{"start":{"line":88,"column":36},"end":{"line":88,"column":73}},"25":{"start":{"line":89,"column":48},"end":{"line":89,"column":81}},"26":{"start":{"line":90,"column":36},"end":{"line":90,"column":74}},"27":{"start":{"line":91,"column":36},"end":{"line":91,"column":75}},"28":{"start":{"line":93,"column":36},"end":{"line":110,"column":37}},"29":{"start":{"line":94,"column":53},"end":{"line":94,"column":78}},"30":{"start":{"line":95,"column":40},"end":{"line":102,"column":41}},"31":{"start":{"line":95,"column":53},"end":{"line":95,"column":54}},"32":{"start":{"line":96,"column":44},"end":{"line":101,"column":45}},"33":{"start":{"line":97,"column":48},"end":{"line":100,"column":49}},"34":{"start":{"line":104,"column":40},"end":{"line":109,"column":41}},"35":{"start":{"line":105,"column":44},"end":{"line":108,"column":45}},"36":{"start":{"line":124,"column":15},"end":{"line":144,"column":1}},"37":{"start":{"line":125,"column":18},"end":{"line":125,"column":59}},"38":{"start":{"line":126,"column":4},"end":{"line":142,"column":5}},"39":{"start":{"line":127,"column":8},"end":{"line":130,"column":10}},"40":{"start":{"line":132,"column":8},"end":{"line":141,"column":10}},"41":{"start":{"line":135,"column":16},"end":{"line":138,"column":17}},"42":{"start":{"line":137,"column":20},"end":{"line":137,"column":33}},"43":{"start":{"line":139,"column":16},"end":{"line":139,"column":28}},"44":{"start":{"line":147,"column":8},"end":{"line":150,"column":9}},"45":{"start":{"line":153,"column":8},"end":{"line":154,"column":9}}},"fnMap":{"0":{"name":"(anonymous_0)","decl":{"start":{"line":7,"column":13},"end":{"line":7,"column":14}},"loc":{"start":{"line":8,"column":4},"end":{"line":38,"column":12}},"line":8},"1":{"name":"(anonymous_1)","decl":{"start":{"line":43,"column":4},"end":{"line":43,"column":5}},"loc":{"start":{"line":43,"column":23},"end":{"line":46,"column":5}},"line":43},"2":{"name":"(anonymous_2)","decl":{"start":{"line":48,"column":4},"end":{"line":48,"column":5}},"loc":{"start":{"line":48,"column":41},"end":{"line":54,"column":5}},"line":48},"3":{"name":"(anonymous_3)","decl":{"start":{"line":56,"column":4},"end":{"line":56,"column":5}},"loc":{"start":{"line":56,"column":13},"end":{"line":121,"column":5}},"line":56},"4":{"name":"(anonymous_4)","decl":{"start":{"line":62,"column":37},"end":{"line":62,"column":38}},"loc":{"start":{"line":62,"column":43},"end":{"line":62,"column":55}},"line":62},"5":{"name":"(anonymous_5)","decl":{"start":{"line":67,"column":55},"end":{"line":67,"column":56}},"loc":{"start":{"line":67,"column":79},"end":{"line":115,"column":29}},"line":67},"6":{"name":"(anonymous_6)","decl":{"start":{"line":124,"column":15},"end":{"line":124,"column":16}},"loc":{"start":{"line":124,"column":25},"end":{"line":144,"column":1}},"line":124},"7":{"name":"(anonymous_7)","decl":{"start":{"line":134,"column":49},"end":{"line":134,"column":50}},"loc":{"start":{"line":134,"column":60},"end":{"line":140,"column":13}},"line":134},"8":{"name":"(anonymous_8)","decl":{"start":{"line":146,"column":4},"end":{"line":146,"column":5}},"loc":{"start":{"line":146,"column":15},"end":{"line":151,"column":5}},"line":146},"9":{"name":"(anonymous_9)","decl":{"start":{"line":152,"column":4},"end":{"line":152,"column":5}},"loc":{"start":{"line":152,"column":18},"end":{"line":155,"column":5}},"line":152}},"branchMap":{"0":{"loc":{"start":{"line":32,"column":9},"end":{"line":36,"column":9}},"type":"cond-expr","locations":[{"start":{"line":33,"column":12},"end":{"line":33,"column":39}},{"start":{"line":35,"column":12},"end":{"line":35,"column":106}}],"line":32},"1":{"loc":{"start":{"line":68,"column":32},"end":{"line":114,"column":33}},"type":"if","locations":[{"start":{"line":68,"column":32},"end":{"line":114,"column":33}},{"start":{"line":68,"column":32},"end":{"line":114,"column":33}}],"line":68},"2":{"loc":{"start":{"line":82,"column":40},"end":{"line":84,"column":41}},"type":"if","locations":[{"start":{"line":82,"column":40},"end":{"line":84,"column":41}},{"start":{"line":82,"column":40},"end":{"line":84,"column":41}}],"line":82},"3":{"loc":{"start":{"line":93,"column":36},"end":{"line":110,"column":37}},"type":"if","locations":[{"start":{"line":93,"column":36},"end":{"line":110,"column":37}},{"start":{"line":93,"column":36},"end":{"line":110,"column":37}}],"line":93},"4":{"loc":{"start":{"line":96,"column":44},"end":{"line":101,"column":45}},"type":"if","locations":[{"start":{"line":96,"column":44},"end":{"line":101,"column":45}},{"start":{"line":96,"column":44},"end":{"line":101,"column":45}}],"line":96},"5":{"loc":{"start":{"line":96,"column":48},"end":{"line":96,"column":139}},"type":"binary-expr","locations":[{"start":{"line":96,"column":48},"end":{"line":96,"column":97}},{"start":{"line":96,"column":101},"end":{"line":96,"column":139}}],"line":96},"6":{"loc":{"start":{"line":104,"column":40},"end":{"line":109,"column":41}},"type":"if","locations":[{"start":{"line":104,"column":40},"end":{"line":109,"column":41}},{"start":{"line":104,"column":40},"end":{"line":109,"column":41}}],"line":104},"7":{"loc":{"start":{"line":126,"column":4},"end":{"line":142,"column":5}},"type":"if","locations":[{"start":{"line":126,"column":4},"end":{"line":142,"column":5}},{"start":{"line":126,"column":4},"end":{"line":142,"column":5}}],"line":126},"8":{"loc":{"start":{"line":135,"column":16},"end":{"line":138,"column":17}},"type":"if","locations":[{"start":{"line":135,"column":16},"end":{"line":138,"column":17}},{"start":{"line":135,"column":16},"end":{"line":138,"column":17}}],"line":135},"9":{"loc":{"start":{"line":135,"column":19},"end":{"line":136,"column":56}},"type":"binary-expr","locations":[{"start":{"line":135,"column":19},"end":{"line":135,"column":54}},{"start":{"line":136,"column":23},"end":{"line":136,"column":56}}],"line":135}},"s":{"0":0,"1":0,"2":0,"3":0,"4":0,"5":0,"6":0,"7":0,"8":0,"9":0,"10":0,"11":0,"12":0,"13":0,"14":0,"15":0,"16":0,"17":0,"18":0,"19":0,"20":0,"21":0,"22":0,"23":0,"24":0,"25":0,"26":0,"27":0,"28":0,"29":0,"30":0,"31":0,"32":0,"33":0,"34":0,"35":0,"36":0,"37":0,"38":0,"39":0,"40":0,"41":0,"42":0,"43":0,"44":0,"45":0},"f":{"0":0,"1":0,"2":0,"3":0,"4":0,"5":0,"6":0,"7":0,"8":0,"9":0},"b":{"0":[0,0],"1":[0,0],"2":[0,0],"3":[0,0],"4":[0,0],"5":[0,0],"6":[0,0],"7":[0,0],"8":[0,0],"9":[0,0]}}
,"D:\\FA 2021\\COMP 531\\hw4-chelsea10bqr\\frontend\\src\\components\\profile\\profile.js": {"path":"D:\\FA 2021\\COMP 531\\hw4-chelsea10bqr\\frontend\\src\\components\\profile\\profile.js","statementMap":{"0":{"start":{"line":6,"column":23},"end":{"line":21,"column":1}},"1":{"start":{"line":8,"column":4},"end":{"line":20,"column":5}},"2":{"start":{"line":13,"column":17},"end":{"line":13,"column":40}},"3":{"start":{"line":14,"column":20},"end":{"line":14,"column":52}},"4":{"start":{"line":23,"column":13},"end":{"line":25,"column":1}},"5":{"start":{"line":24,"column":4},"end":{"line":24,"column":20}},"6":{"start":{"line":27,"column":0},"end":{"line":31,"column":1}},"7":{"start":{"line":34,"column":8},"end":{"line":37,"column":9}},"8":{"start":{"line":40,"column":8},"end":{"line":42,"column":9}},"9":{"start":{"line":41,"column":32},"end":{"line":41,"column":69}}},"fnMap":{"0":{"name":"(anonymous_0)","decl":{"start":{"line":6,"column":23},"end":{"line":6,"column":24}},"loc":{"start":{"line":6,"column":55},"end":{"line":21,"column":1}},"line":6},"1":{"name":"(anonymous_1)","decl":{"start":{"line":12,"column":58},"end":{"line":12,"column":59}},"loc":{"start":{"line":13,"column":16},"end":{"line":14,"column":53}},"line":13},"2":{"name":"(anonymous_2)","decl":{"start":{"line":23,"column":13},"end":{"line":23,"column":14}},"loc":{"start":{"line":23,"column":41},"end":{"line":25,"column":1}},"line":23},"3":{"name":"(anonymous_3)","decl":{"start":{"line":33,"column":4},"end":{"line":33,"column":5}},"loc":{"start":{"line":33,"column":15},"end":{"line":38,"column":5}},"line":33},"4":{"name":"(anonymous_4)","decl":{"start":{"line":39,"column":4},"end":{"line":39,"column":5}},"loc":{"start":{"line":39,"column":18},"end":{"line":43,"column":5}},"line":39},"5":{"name":"(anonymous_5)","decl":{"start":{"line":41,"column":24},"end":{"line":41,"column":25}},"loc":{"start":{"line":41,"column":32},"end":{"line":41,"column":69}},"line":41}},"branchMap":{},"s":{"0":0,"1":0,"2":0,"3":0,"4":0,"5":0,"6":0,"7":0,"8":0,"9":0},"f":{"0":0,"1":0,"2":0,"3":0,"4":0,"5":0},"b":{}}
,"D:\\FA 2021\\COMP 531\\hw4-chelsea10bqr\\frontend\\src\\components\\profile\\profileForm.js": {"path":"D:\\FA 2021\\COMP 531\\hw4-chelsea10bqr\\frontend\\src\\components\\profile\\profileForm.js","statementMap":{"0":{"start":{"line":7,"column":27},"end":{"line":84,"column":1}},"1":{"start":{"line":15,"column":14},"end":{"line":15,"column":16}},"2":{"start":{"line":16,"column":17},"end":{"line":16,"column":30}},"3":{"start":{"line":17,"column":22},"end":{"line":17,"column":38}},"4":{"start":{"line":18,"column":4},"end":{"line":22,"column":5}},"5":{"start":{"line":19,"column":8},"end":{"line":21,"column":9}},"6":{"start":{"line":19,"column":21},"end":{"line":19,"column":22}},"7":{"start":{"line":20,"column":12},"end":{"line":20,"column":23}},"8":{"start":{"line":23,"column":17},"end":{"line":23,"column":29}},"9":{"start":{"line":24,"column":4},"end":{"line":83,"column":5}},"10":{"start":{"line":32,"column":40},"end":{"line":32,"column":51}},"11":{"start":{"line":38,"column":40},"end":{"line":38,"column":52}},"12":{"start":{"line":44,"column":40},"end":{"line":44,"column":55}},"13":{"start":{"line":49,"column":40},"end":{"line":49,"column":52}},"14":{"start":{"line":55,"column":40},"end":{"line":55,"column":54}},"15":{"start":{"line":60,"column":104},"end":{"line":60,"column":114}},"16":{"start":{"line":66,"column":112},"end":{"line":66,"column":122}},"17":{"start":{"line":74,"column":28},"end":{"line":74,"column":51}},"18":{"start":{"line":75,"column":31},"end":{"line":76,"column":95}},"19":{"start":{"line":86,"column":19},"end":{"line":127,"column":1}},"20":{"start":{"line":87,"column":13},"end":{"line":87,"column":17}},"21":{"start":{"line":88,"column":12},"end":{"line":88,"column":14}},"22":{"start":{"line":89,"column":4},"end":{"line":89,"column":16}},"23":{"start":{"line":91,"column":4},"end":{"line":94,"column":5}},"24":{"start":{"line":92,"column":8},"end":{"line":92,"column":107}},"25":{"start":{"line":93,"column":8},"end":{"line":93,"column":19}},"26":{"start":{"line":96,"column":4},"end":{"line":99,"column":5}},"27":{"start":{"line":97,"column":8},"end":{"line":97,"column":49}},"28":{"start":{"line":98,"column":8},"end":{"line":98,"column":19}},"29":{"start":{"line":100,"column":4},"end":{"line":103,"column":5}},"30":{"start":{"line":101,"column":8},"end":{"line":101,"column":75}},"31":{"start":{"line":102,"column":8},"end":{"line":102,"column":19}},"32":{"start":{"line":105,"column":4},"end":{"line":108,"column":5}},"33":{"start":{"line":106,"column":8},"end":{"line":106,"column":46}},"34":{"start":{"line":107,"column":8},"end":{"line":107,"column":19}},"35":{"start":{"line":111,"column":4},"end":{"line":114,"column":5}},"36":{"start":{"line":112,"column":8},"end":{"line":112,"column":47}},"37":{"start":{"line":113,"column":8},"end":{"line":113,"column":19}},"38":{"start":{"line":116,"column":4},"end":{"line":126,"column":5}},"39":{"start":{"line":117,"column":8},"end":{"line":122,"column":9}},"40":{"start":{"line":118,"column":12},"end":{"line":118,"column":52}},"41":{"start":{"line":120,"column":12},"end":{"line":120,"column":114}},"42":{"start":{"line":121,"column":12},"end":{"line":121,"column":54}},"43":{"start":{"line":125,"column":8},"end":{"line":125,"column":22}},"44":{"start":{"line":129,"column":16},"end":{"line":140,"column":1}},"45":{"start":{"line":130,"column":4},"end":{"line":139,"column":5}},"46":{"start":{"line":136,"column":8},"end":{"line":136,"column":20}},"47":{"start":{"line":138,"column":8},"end":{"line":138,"column":21}},"48":{"start":{"line":142,"column":17},"end":{"line":173,"column":1}},"49":{"start":{"line":149,"column":16},"end":{"line":149,"column":22}},"50":{"start":{"line":150,"column":4},"end":{"line":151,"column":38}},"51":{"start":{"line":150,"column":28},"end":{"line":150,"column":46}},"52":{"start":{"line":151,"column":16},"end":{"line":151,"column":33}},"53":{"start":{"line":152,"column":4},"end":{"line":153,"column":40}},"54":{"start":{"line":152,"column":29},"end":{"line":152,"column":49}},"55":{"start":{"line":153,"column":16},"end":{"line":153,"column":35}},"56":{"start":{"line":154,"column":4},"end":{"line":155,"column":40}},"57":{"start":{"line":154,"column":29},"end":{"line":154,"column":49}},"58":{"start":{"line":155,"column":16},"end":{"line":155,"column":35}},"59":{"start":{"line":156,"column":4},"end":{"line":157,"column":44}},"60":{"start":{"line":156,"column":31},"end":{"line":156,"column":55}},"61":{"start":{"line":157,"column":16},"end":{"line":157,"column":39}},"62":{"start":{"line":158,"column":4},"end":{"line":159,"column":46}},"63":{"start":{"line":158,"column":27},"end":{"line":158,"column":48}},"64":{"start":{"line":159,"column":16},"end":{"line":159,"column":41}},"65":{"start":{"line":160,"column":4},"end":{"line":160,"column":26}},"66":{"start":{"line":161,"column":14},"end":{"line":171,"column":5}},"67":{"start":{"line":172,"column":4},"end":{"line":172,"column":25}},"68":{"start":{"line":175,"column":26},"end":{"line":181,"column":1}},"69":{"start":{"line":176,"column":21},"end":{"line":176,"column":55}},"70":{"start":{"line":177,"column":4},"end":{"line":179,"column":5}},"71":{"start":{"line":178,"column":8},"end":{"line":178,"column":20}},"72":{"start":{"line":180,"column":4},"end":{"line":180,"column":17}},"73":{"start":{"line":183,"column":20},"end":{"line":189,"column":1}},"74":{"start":{"line":184,"column":19},"end":{"line":184,"column":89}},"75":{"start":{"line":185,"column":4},"end":{"line":187,"column":5}},"76":{"start":{"line":186,"column":8},"end":{"line":186,"column":20}},"77":{"start":{"line":188,"column":4},"end":{"line":188,"column":17}},"78":{"start":{"line":191,"column":20},"end":{"line":197,"column":1}},"79":{"start":{"line":192,"column":17},"end":{"line":192,"column":65}},"80":{"start":{"line":193,"column":4},"end":{"line":195,"column":5}},"81":{"start":{"line":194,"column":8},"end":{"line":194,"column":20}},"82":{"start":{"line":196,"column":4},"end":{"line":196,"column":17}},"83":{"start":{"line":199,"column":22},"end":{"line":205,"column":1}},"84":{"start":{"line":200,"column":17},"end":{"line":200,"column":31}},"85":{"start":{"line":201,"column":4},"end":{"line":203,"column":5}},"86":{"start":{"line":202,"column":8},"end":{"line":202,"column":20}},"87":{"start":{"line":204,"column":4},"end":{"line":204,"column":17}},"88":{"start":{"line":207,"column":23},"end":{"line":215,"column":1}},"89":{"start":{"line":208,"column":4},"end":{"line":210,"column":5}},"90":{"start":{"line":209,"column":8},"end":{"line":209,"column":20}},"91":{"start":{"line":211,"column":4},"end":{"line":213,"column":5}},"92":{"start":{"line":212,"column":8},"end":{"line":212,"column":21}},"93":{"start":{"line":214,"column":4},"end":{"line":214,"column":16}},"94":{"start":{"line":217,"column":0},"end":{"line":222,"column":1}},"95":{"start":{"line":225,"column":8},"end":{"line":228,"column":9}},"96":{"start":{"line":231,"column":8},"end":{"line":236,"column":9}},"97":{"start":{"line":233,"column":16},"end":{"line":233,"column":64}},"98":{"start":{"line":235,"column":16},"end":{"line":235,"column":66}}},"fnMap":{"0":{"name":"(anonymous_0)","decl":{"start":{"line":7,"column":27},"end":{"line":7,"column":28}},"loc":{"start":{"line":7,"column":71},"end":{"line":84,"column":1}},"line":7},"1":{"name":"(anonymous_1)","decl":{"start":{"line":32,"column":32},"end":{"line":32,"column":33}},"loc":{"start":{"line":32,"column":40},"end":{"line":32,"column":51}},"line":32},"2":{"name":"(anonymous_2)","decl":{"start":{"line":38,"column":32},"end":{"line":38,"column":33}},"loc":{"start":{"line":38,"column":40},"end":{"line":38,"column":52}},"line":38},"3":{"name":"(anonymous_3)","decl":{"start":{"line":44,"column":32},"end":{"line":44,"column":33}},"loc":{"start":{"line":44,"column":40},"end":{"line":44,"column":55}},"line":44},"4":{"name":"(anonymous_4)","decl":{"start":{"line":49,"column":32},"end":{"line":49,"column":33}},"loc":{"start":{"line":49,"column":40},"end":{"line":49,"column":52}},"line":49},"5":{"name":"(anonymous_5)","decl":{"start":{"line":55,"column":32},"end":{"line":55,"column":33}},"loc":{"start":{"line":55,"column":40},"end":{"line":55,"column":54}},"line":55},"6":{"name":"(anonymous_6)","decl":{"start":{"line":60,"column":96},"end":{"line":60,"column":97}},"loc":{"start":{"line":60,"column":104},"end":{"line":60,"column":114}},"line":60},"7":{"name":"(anonymous_7)","decl":{"start":{"line":66,"column":104},"end":{"line":66,"column":105}},"loc":{"start":{"line":66,"column":112},"end":{"line":66,"column":122}},"line":66},"8":{"name":"(anonymous_8)","decl":{"start":{"line":73,"column":36},"end":{"line":73,"column":37}},"loc":{"start":{"line":74,"column":27},"end":{"line":76,"column":96}},"line":74},"9":{"name":"(anonymous_9)","decl":{"start":{"line":86,"column":19},"end":{"line":86,"column":20}},"loc":{"start":{"line":86,"column":112},"end":{"line":127,"column":1}},"line":86},"10":{"name":"(anonymous_10)","decl":{"start":{"line":129,"column":16},"end":{"line":129,"column":17}},"loc":{"start":{"line":129,"column":57},"end":{"line":140,"column":1}},"line":129},"11":{"name":"(anonymous_11)","decl":{"start":{"line":142,"column":17},"end":{"line":142,"column":18}},"loc":{"start":{"line":142,"column":110},"end":{"line":173,"column":1}},"line":142},"12":{"name":"(anonymous_12)","decl":{"start":{"line":175,"column":26},"end":{"line":175,"column":27}},"loc":{"start":{"line":175,"column":37},"end":{"line":181,"column":1}},"line":175},"13":{"name":"(anonymous_13)","decl":{"start":{"line":183,"column":20},"end":{"line":183,"column":21}},"loc":{"start":{"line":183,"column":31},"end":{"line":189,"column":1}},"line":183},"14":{"name":"(anonymous_14)","decl":{"start":{"line":191,"column":20},"end":{"line":191,"column":21}},"loc":{"start":{"line":191,"column":31},"end":{"line":197,"column":1}},"line":191},"15":{"name":"(anonymous_15)","decl":{"start":{"line":199,"column":22},"end":{"line":199,"column":23}},"loc":{"start":{"line":199,"column":33},"end":{"line":205,"column":1}},"line":199},"16":{"name":"(anonymous_16)","decl":{"start":{"line":207,"column":23},"end":{"line":207,"column":24}},"loc":{"start":{"line":207,"column":44},"end":{"line":215,"column":1}},"line":207},"17":{"name":"(anonymous_17)","decl":{"start":{"line":224,"column":4},"end":{"line":224,"column":5}},"loc":{"start":{"line":224,"column":15},"end":{"line":229,"column":5}},"line":224},"18":{"name":"(anonymous_18)","decl":{"start":{"line":230,"column":4},"end":{"line":230,"column":5}},"loc":{"start":{"line":230,"column":18},"end":{"line":237,"column":5}},"line":230},"19":{"name":"(anonymous_19)","decl":{"start":{"line":232,"column":21},"end":{"line":232,"column":22}},"loc":{"start":{"line":233,"column":16},"end":{"line":233,"column":64}},"line":233},"20":{"name":"(anonymous_20)","decl":{"start":{"line":234,"column":22},"end":{"line":234,"column":23}},"loc":{"start":{"line":235,"column":16},"end":{"line":235,"column":66}},"line":235}},"branchMap":{"0":{"loc":{"start":{"line":18,"column":4},"end":{"line":22,"column":5}},"type":"if","locations":[{"start":{"line":18,"column":4},"end":{"line":22,"column":5}},{"start":{"line":18,"column":4},"end":{"line":22,"column":5}}],"line":18},"1":{"loc":{"start":{"line":18,"column":7},"end":{"line":18,"column":47}},"type":"binary-expr","locations":[{"start":{"line":18,"column":7},"end":{"line":18,"column":26}},{"start":{"line":18,"column":30},"end":{"line":18,"column":47}}],"line":18},"2":{"loc":{"start":{"line":91,"column":4},"end":{"line":94,"column":5}},"type":"if","locations":[{"start":{"line":91,"column":4},"end":{"line":94,"column":5}},{"start":{"line":91,"column":4},"end":{"line":94,"column":5}}],"line":91},"3":{"loc":{"start":{"line":96,"column":4},"end":{"line":99,"column":5}},"type":"if","locations":[{"start":{"line":96,"column":4},"end":{"line":99,"column":5}},{"start":{"line":96,"column":4},"end":{"line":99,"column":5}}],"line":96},"4":{"loc":{"start":{"line":100,"column":4},"end":{"line":103,"column":5}},"type":"if","locations":[{"start":{"line":100,"column":4},"end":{"line":103,"column":5}},{"start":{"line":100,"column":4},"end":{"line":103,"column":5}}],"line":100},"5":{"loc":{"start":{"line":105,"column":4},"end":{"line":108,"column":5}},"type":"if","locations":[{"start":{"line":105,"column":4},"end":{"line":108,"column":5}},{"start":{"line":105,"column":4},"end":{"line":108,"column":5}}],"line":105},"6":{"loc":{"start":{"line":111,"column":4},"end":{"line":114,"column":5}},"type":"if","locations":[{"start":{"line":111,"column":4},"end":{"line":114,"column":5}},{"start":{"line":111,"column":4},"end":{"line":114,"column":5}}],"line":111},"7":{"loc":{"start":{"line":116,"column":4},"end":{"line":126,"column":5}},"type":"if","locations":[{"start":{"line":116,"column":4},"end":{"line":126,"column":5}},{"start":{"line":116,"column":4},"end":{"line":126,"column":5}}],"line":116},"8":{"loc":{"start":{"line":117,"column":8},"end":{"line":122,"column":9}},"type":"if","locations":[{"start":{"line":117,"column":8},"end":{"line":122,"column":9}},{"start":{"line":117,"column":8},"end":{"line":122,"column":9}}],"line":117},"9":{"loc":{"start":{"line":130,"column":4},"end":{"line":139,"column":5}},"type":"if","locations":[{"start":{"line":130,"column":4},"end":{"line":139,"column":5}},{"start":{"line":130,"column":4},"end":{"line":139,"column":5}}],"line":130},"10":{"loc":{"start":{"line":130,"column":7},"end":{"line":135,"column":52}},"type":"binary-expr","locations":[{"start":{"line":130,"column":8},"end":{"line":130,"column":22}},{"start":{"line":130,"column":24},"end":{"line":130,"column":45}},{"start":{"line":131,"column":12},"end":{"line":131,"column":27}},{"start":{"line":131,"column":29},"end":{"line":131,"column":40}},{"start":{"line":131,"column":42},"end":{"line":131,"column":65}},{"start":{"line":132,"column":12},"end":{"line":132,"column":27}},{"start":{"line":132,"column":29},"end":{"line":132,"column":40}},{"start":{"line":132,"column":42},"end":{"line":132,"column":65}},{"start":{"line":133,"column":12},"end":{"line":133,"column":29}},{"start":{"line":133,"column":31},"end":{"line":133,"column":44}},{"start":{"line":133,"column":46},"end":{"line":133,"column":73}},{"start":{"line":134,"column":12},"end":{"line":134,"column":25}},{"start":{"line":134,"column":27},"end":{"line":134,"column":51}},{"start":{"line":135,"column":12},"end":{"line":135,"column":25}},{"start":{"line":135,"column":27},"end":{"line":135,"column":51}}],"line":130},"11":{"loc":{"start":{"line":150,"column":4},"end":{"line":151,"column":38}},"type":"if","locations":[{"start":{"line":150,"column":4},"end":{"line":151,"column":38}},{"start":{"line":150,"column":4},"end":{"line":151,"column":38}}],"line":150},"12":{"loc":{"start":{"line":152,"column":4},"end":{"line":153,"column":40}},"type":"if","locations":[{"start":{"line":152,"column":4},"end":{"line":153,"column":40}},{"start":{"line":152,"column":4},"end":{"line":153,"column":40}}],"line":152},"13":{"loc":{"start":{"line":154,"column":4},"end":{"line":155,"column":40}},"type":"if","locations":[{"start":{"line":154,"column":4},"end":{"line":155,"column":40}},{"start":{"line":154,"column":4},"end":{"line":155,"column":40}}],"line":154},"14":{"loc":{"start":{"line":156,"column":4},"end":{"line":157,"column":44}},"type":"if","locations":[{"start":{"line":156,"column":4},"end":{"line":157,"column":44}},{"start":{"line":156,"column":4},"end":{"line":157,"column":44}}],"line":156},"15":{"loc":{"start":{"line":158,"column":4},"end":{"line":159,"column":46}},"type":"if","locations":[{"start":{"line":158,"column":4},"end":{"line":159,"column":46}},{"start":{"line":158,"column":4},"end":{"line":159,"column":46}}],"line":158},"16":{"loc":{"start":{"line":177,"column":4},"end":{"line":179,"column":5}},"type":"if","locations":[{"start":{"line":177,"column":4},"end":{"line":179,"column":5}},{"start":{"line":177,"column":4},"end":{"line":179,"column":5}}],"line":177},"17":{"loc":{"start":{"line":177,"column":7},"end":{"line":177,"column":72}},"type":"binary-expr","locations":[{"start":{"line":177,"column":7},"end":{"line":177,"column":20}},{"start":{"line":177,"column":22},"end":{"line":177,"column":39}},{"start":{"line":177,"column":41},"end":{"line":177,"column":72}}],"line":177},"18":{"loc":{"start":{"line":185,"column":4},"end":{"line":187,"column":5}},"type":"if","locations":[{"start":{"line":185,"column":4},"end":{"line":187,"column":5}},{"start":{"line":185,"column":4},"end":{"line":187,"column":5}}],"line":185},"19":{"loc":{"start":{"line":185,"column":7},"end":{"line":185,"column":70}},"type":"binary-expr","locations":[{"start":{"line":185,"column":7},"end":{"line":185,"column":20}},{"start":{"line":185,"column":22},"end":{"line":185,"column":39}},{"start":{"line":185,"column":41},"end":{"line":185,"column":70}}],"line":185},"20":{"loc":{"start":{"line":193,"column":4},"end":{"line":195,"column":5}},"type":"if","locations":[{"start":{"line":193,"column":4},"end":{"line":195,"column":5}},{"start":{"line":193,"column":4},"end":{"line":195,"column":5}}],"line":193},"21":{"loc":{"start":{"line":193,"column":7},"end":{"line":193,"column":68}},"type":"binary-expr","locations":[{"start":{"line":193,"column":7},"end":{"line":193,"column":20}},{"start":{"line":193,"column":22},"end":{"line":193,"column":39}},{"start":{"line":193,"column":41},"end":{"line":193,"column":68}}],"line":193},"22":{"loc":{"start":{"line":201,"column":4},"end":{"line":203,"column":5}},"type":"if","locations":[{"start":{"line":201,"column":4},"end":{"line":203,"column":5}},{"start":{"line":201,"column":4},"end":{"line":203,"column":5}}],"line":201},"23":{"loc":{"start":{"line":201,"column":7},"end":{"line":201,"column":68}},"type":"binary-expr","locations":[{"start":{"line":201,"column":7},"end":{"line":201,"column":20}},{"start":{"line":201,"column":22},"end":{"line":201,"column":39}},{"start":{"line":201,"column":41},"end":{"line":201,"column":68}}],"line":201},"24":{"loc":{"start":{"line":208,"column":4},"end":{"line":210,"column":5}},"type":"if","locations":[{"start":{"line":208,"column":4},"end":{"line":210,"column":5}},{"start":{"line":208,"column":4},"end":{"line":210,"column":5}}],"line":208},"25":{"loc":{"start":{"line":208,"column":7},"end":{"line":208,"column":84}},"type":"binary-expr","locations":[{"start":{"line":208,"column":8},"end":{"line":208,"column":22}},{"start":{"line":208,"column":24},"end":{"line":208,"column":38}},{"start":{"line":208,"column":43},"end":{"line":208,"column":61}},{"start":{"line":208,"column":65},"end":{"line":208,"column":83}}],"line":208},"26":{"loc":{"start":{"line":211,"column":4},"end":{"line":213,"column":5}},"type":"if","locations":[{"start":{"line":211,"column":4},"end":{"line":213,"column":5}},{"start":{"line":211,"column":4},"end":{"line":213,"column":5}}],"line":211}},"s":{"0":0,"1":0,"2":0,"3":0,"4":0,"5":0,"6":0,"7":0,"8":0,"9":0,"10":0,"11":0,"12":0,"13":0,"14":0,"15":0,"16":0,"17":0,"18":0,"19":0,"20":0,"21":0,"22":0,"23":0,"24":0,"25":0,"26":0,"27":0,"28":0,"29":0,"30":0,"31":0,"32":0,"33":0,"34":0,"35":0,"36":0,"37":0,"38":0,"39":0,"40":0,"41":0,"42":0,"43":0,"44":0,"45":0,"46":0,"47":0,"48":0,"49":0,"50":0,"51":0,"52":0,"53":0,"54":0,"55":0,"56":0,"57":0,"58":0,"59":0,"60":0,"61":0,"62":0,"63":0,"64":0,"65":0,"66":0,"67":0,"68":0,"69":0,"70":0,"71":0,"72":0,"73":0,"74":0,"75":0,"76":0,"77":0,"78":0,"79":0,"80":0,"81":0,"82":0,"83":0,"84":0,"85":0,"86":0,"87":0,"88":0,"89":0,"90":0,"91":0,"92":0,"93":0,"94":0,"95":0,"96":0,"97":0,"98":0},"f":{"0":0,"1":0,"2":0,"3":0,"4":0,"5":0,"6":0,"7":0,"8":0,"9":0,"10":0,"11":0,"12":0,"13":0,"14":0,"15":0,"16":0,"17":0,"18":0,"19":0,"20":0},"b":{"0":[0,0],"1":[0,0],"2":[0,0],"3":[0,0],"4":[0,0],"5":[0,0],"6":[0,0],"7":[0,0],"8":[0,0],"9":[0,0],"10":[0,0,0,0,0,0,0,0,0,0,0,0,0,0,0],"11":[0,0],"12":[0,0],"13":[0,0],"14":[0,0],"15":[0,0],"16":[0,0],"17":[0,0,0],"18":[0,0],"19":[0,0,0],"20":[0,0],"21":[0,0,0],"22":[0,0],"23":[0,0,0],"24":[0,0],"25":[0,0,0,0],"26":[0,0]}}
,"D:\\FA 2021\\COMP 531\\hw4-chelsea10bqr\\frontend\\src\\components\\profile\\profileimg.js": {"path":"D:\\FA 2021\\COMP 531\\hw4-chelsea10bqr\\frontend\\src\\components\\profile\\profileimg.js","statementMap":{"0":{"start":{"line":7,"column":26},"end":{"line":16,"column":1}},"1":{"start":{"line":8,"column":4},"end":{"line":15,"column":5}},"2":{"start":{"line":18,"column":0},"end":{"line":20,"column":1}},"3":{"start":{"line":24,"column":8},"end":{"line":26,"column":9}}},"fnMap":{"0":{"name":"(anonymous_0)","decl":{"start":{"line":7,"column":26},"end":{"line":7,"column":27}},"loc":{"start":{"line":7,"column":38},"end":{"line":16,"column":1}},"line":7},"1":{"name":"(anonymous_1)","decl":{"start":{"line":23,"column":4},"end":{"line":23,"column":5}},"loc":{"start":{"line":23,"column":15},"end":{"line":27,"column":5}},"line":23}},"branchMap":{},"s":{"0":0,"1":0,"2":0,"3":0},"f":{"0":0,"1":0},"b":{}}
}
